{"/home/developer/Projects/caju/src/App.tsx": {"path":"/home/developer/Projects/caju/src/App.tsx","statementMap":{"0":{"start":{"line":1,"column":0},"end":{"line":1,"column":30}},"1":{"start":{"line":2,"column":0},"end":{"line":2,"column":45}},"2":{"start":{"line":3,"column":0},"end":{"line":3,"column":73}},"3":{"start":{"line":4,"column":0},"end":{"line":4,"column":88}},"4":{"start":{"line":5,"column":0},"end":{"line":5,"column":54}},"5":{"start":{"line":6,"column":0},"end":{"line":6,"column":41}},"6":{"start":{"line":8,"column":20},"end":{"line":8,"column":37}},"7":{"start":{"line":11,"column":2},"end":{"line":22,"column":4}},"8":{"start":{"line":25,"column":0},"end":{"line":25,"column":19}}},"fnMap":{"0":{"name":"App","decl":{"start":{"line":10,"column":9},"end":{"line":10,"column":12}},"loc":{"start":{"line":10,"column":12},"end":{"line":23,"column":1}}}},"branchMap":{},"s":{"0":0,"1":0,"2":0,"3":0,"4":0,"5":0,"6":0,"7":0,"8":0},"f":{"0":0},"b":{}}
,"/home/developer/Projects/caju/src/components/Backdrop/index.ts": {"path":"/home/developer/Projects/caju/src/components/Backdrop/index.ts","statementMap":{"0":{"start":{"line":1,"column":0},"end":{"line":1,"column":39}},"1":{"start":{"line":3,"column":17},"end":{"line":17,"column":2}},"2":{"start":{"line":3,"column":41},"end":{"line":5,"column":2}},"3":{"start":{"line":19,"column":0},"end":{"line":19,"column":24}}},"fnMap":{"0":{"name":"(anonymous_1)","decl":{"start":{"line":3,"column":34},"end":{"line":3,"column":37}},"loc":{"start":{"line":3,"column":41},"end":{"line":5,"column":2}}}},"branchMap":{},"s":{"0":3,"1":3,"2":4,"3":3},"f":{"0":4},"b":{}}
,"/home/developer/Projects/caju/src/components/Buttons/index.tsx": {"path":"/home/developer/Projects/caju/src/components/Buttons/index.tsx","statementMap":{"0":{"start":{"line":1,"column":0},"end":{"line":1,"column":48}},"1":{"start":{"line":3,"column":15},"end":{"line":40,"column":2}},"2":{"start":{"line":6,"column":15},"end":{"line":9,"column":2}},"3":{"start":{"line":25,"column":4},"end":{"line":31,"column":null}},"4":{"start":{"line":34,"column":4},"end":{"line":39,"column":null}},"5":{"start":{"line":42,"column":13},"end":{"line":54,"column":2}},"6":{"start":{"line":51,"column":33},"end":{"line":51,"column":57}},"7":{"start":{"line":52,"column":22},"end":{"line":52,"column":44}},"8":{"start":{"line":56,"column":0},"end":{"line":56,"column":22}}},"fnMap":{"0":{"name":"(anonymous_6)","decl":{"start":{"line":6,"column":3},"end":{"line":6,"column":4}},"loc":{"start":{"line":6,"column":15},"end":{"line":9,"column":2}}},"1":{"name":"(anonymous_7)","decl":{"start":{"line":24,"column":4},"end":{"line":24,"column":5}},"loc":{"start":{"line":25,"column":4},"end":{"line":31,"column":null}}},"2":{"name":"(anonymous_8)","decl":{"start":{"line":33,"column":4},"end":{"line":33,"column":5}},"loc":{"start":{"line":34,"column":4},"end":{"line":39,"column":null}}},"3":{"name":"(anonymous_9)","decl":{"start":{"line":51,"column":22},"end":{"line":51,"column":23}},"loc":{"start":{"line":51,"column":33},"end":{"line":51,"column":57}}},"4":{"name":"(anonymous_10)","decl":{"start":{"line":52,"column":11},"end":{"line":52,"column":12}},"loc":{"start":{"line":52,"column":22},"end":{"line":52,"column":44}}}},"branchMap":{"0":{"loc":{"start":{"line":7,"column":9},"end":{"line":7,"column":33}},"type":"binary-expr","locations":[{"start":{"line":7,"column":9},"end":{"line":7,"column":20}},{"start":{"line":7,"column":24},"end":{"line":7,"column":33}}]},"1":{"loc":{"start":{"line":8,"column":12},"end":{"line":8,"column":38}},"type":"binary-expr","locations":[{"start":{"line":8,"column":12},"end":{"line":8,"column":26}},{"start":{"line":8,"column":30},"end":{"line":8,"column":38}}]},"2":{"loc":{"start":{"line":25,"column":4},"end":{"line":31,"column":null}},"type":"binary-expr","locations":[{"start":{"line":25,"column":4},"end":{"line":25,"column":27}},{"start":{"line":26,"column":4},"end":{"line":31,"column":null}}]},"3":{"loc":{"start":{"line":34,"column":4},"end":{"line":39,"column":null}},"type":"binary-expr","locations":[{"start":{"line":34,"column":4},"end":{"line":34,"column":33}},{"start":{"line":35,"column":4},"end":{"line":39,"column":null}}]},"4":{"loc":{"start":{"line":51,"column":33},"end":{"line":51,"column":57}},"type":"binary-expr","locations":[{"start":{"line":51,"column":33},"end":{"line":51,"column":47}},{"start":{"line":51,"column":51},"end":{"line":51,"column":57}}]},"5":{"loc":{"start":{"line":52,"column":22},"end":{"line":52,"column":44}},"type":"binary-expr","locations":[{"start":{"line":52,"column":22},"end":{"line":52,"column":34}},{"start":{"line":52,"column":38},"end":{"line":52,"column":44}}]}},"s":{"0":6,"1":6,"2":25,"3":25,"4":25,"5":6,"6":30,"7":30,"8":6},"f":{"0":25,"1":25,"2":25,"3":30,"4":30},"b":{"0":[25,21],"1":[25,23],"2":[25,4],"3":[25,2],"4":[30,1],"5":[30,29]}}
,"/home/developer/Projects/caju/src/components/ConfirmModal/index.tsx": {"path":"/home/developer/Projects/caju/src/components/ConfirmModal/index.tsx","statementMap":{"0":{"start":{"line":1,"column":0},"end":{"line":1,"column":41}},"1":{"start":{"line":2,"column":0},"end":{"line":2,"column":48}},"2":{"start":{"line":3,"column":0},"end":{"line":3,"column":30}},"3":{"start":{"line":4,"column":0},"end":{"line":4,"column":32}},"4":{"start":{"line":5,"column":0},"end":{"line":5,"column":35}},"5":{"start":{"line":7,"column":22},"end":{"line":40,"column":1}},"6":{"start":{"line":8,"column":41},"end":{"line":8,"column":53}},"7":{"start":{"line":10,"column":20},"end":{"line":36,"column":null}},"8":{"start":{"line":14,"column":21},"end":{"line":14,"column":56}},"9":{"start":{"line":23,"column":27},"end":{"line":23,"column":61}},"10":{"start":{"line":30,"column":27},"end":{"line":30,"column":62}},"11":{"start":{"line":39,"column":2},"end":{"line":39,"column":69}},"12":{"start":{"line":42,"column":0},"end":{"line":42,"column":29}}},"fnMap":{"0":{"name":"(anonymous_7)","decl":{"start":{"line":7,"column":22},"end":{"line":7,"column":25}},"loc":{"start":{"line":7,"column":27},"end":{"line":40,"column":1}}},"1":{"name":"(anonymous_8)","decl":{"start":{"line":14,"column":15},"end":{"line":14,"column":18}},"loc":{"start":{"line":14,"column":21},"end":{"line":14,"column":56}}},"2":{"name":"(anonymous_9)","decl":{"start":{"line":23,"column":21},"end":{"line":23,"column":24}},"loc":{"start":{"line":23,"column":27},"end":{"line":23,"column":61}}},"3":{"name":"(anonymous_10)","decl":{"start":{"line":30,"column":21},"end":{"line":30,"column":24}},"loc":{"start":{"line":30,"column":27},"end":{"line":30,"column":62}}}},"branchMap":{"0":{"loc":{"start":{"line":10,"column":20},"end":{"line":36,"column":null}},"type":"binary-expr","locations":[{"start":{"line":10,"column":20},"end":{"line":10,"column":26}},{"start":{"line":11,"column":4},"end":{"line":35,"column":null}}]},"1":{"loc":{"start":{"line":14,"column":21},"end":{"line":14,"column":56}},"type":"binary-expr","locations":[{"start":{"line":14,"column":21},"end":{"line":14,"column":33}},{"start":{"line":14,"column":37},"end":{"line":14,"column":56}}]},"2":{"loc":{"start":{"line":23,"column":27},"end":{"line":23,"column":61}},"type":"binary-expr","locations":[{"start":{"line":23,"column":27},"end":{"line":23,"column":39}},{"start":{"line":23,"column":43},"end":{"line":23,"column":61}}]},"3":{"loc":{"start":{"line":30,"column":27},"end":{"line":30,"column":62}},"type":"binary-expr","locations":[{"start":{"line":30,"column":27},"end":{"line":30,"column":39}},{"start":{"line":30,"column":43},"end":{"line":30,"column":62}}]}},"s":{"0":1,"1":1,"2":1,"3":1,"4":1,"5":1,"6":6,"7":6,"8":1,"9":1,"10":0,"11":6,"12":1},"f":{"0":6,"1":1,"2":1,"3":0},"b":{"0":[6,2],"1":[1,1],"2":[1,1],"3":[0,0]}}
,"/home/developer/Projects/caju/src/components/ConfirmModal/styles.ts": {"path":"/home/developer/Projects/caju/src/components/ConfirmModal/styles.ts","statementMap":{"0":{"start":{"line":1,"column":0},"end":{"line":1,"column":39}},"1":{"start":{"line":3,"column":13},"end":{"line":14,"column":2}},"2":{"start":{"line":16,"column":13},"end":{"line":22,"column":2}}},"fnMap":{},"branchMap":{},"s":{"0":1,"1":1,"2":1},"f":{},"b":{}}
,"/home/developer/Projects/caju/src/components/ControlledDatePicker/index.tsx": {"path":"/home/developer/Projects/caju/src/components/ControlledDatePicker/index.tsx","statementMap":{"0":{"start":{"line":1,"column":0},"end":{"line":1,"column":61}},"1":{"start":{"line":3,"column":0},"end":{"line":3,"column":37}},"2":{"start":{"line":21,"column":6},"end":{"line":21,"column":22}},"3":{"start":{"line":23,"column":16},"end":{"line":23,"column":30}},"4":{"start":{"line":25,"column":2},"end":{"line":40,"column":4}},"5":{"start":{"line":33,"column":31},"end":{"line":33,"column":79}},"6":{"start":{"line":12,"column":0},"end":{"line":12,"column":16}}},"fnMap":{"0":{"name":"ControlledDatePicker","decl":{"start":{"line":12,"column":16},"end":{"line":12,"column":36}},"loc":{"start":{"line":17,"column":8},"end":{"line":41,"column":1}}},"1":{"name":"(anonymous_1)","decl":{"start":{"line":33,"column":16},"end":{"line":33,"column":17}},"loc":{"start":{"line":33,"column":31},"end":{"line":33,"column":79}}}},"branchMap":{"0":{"loc":{"start":{"line":16,"column":2},"end":{"line":16,"column":17}},"type":"default-arg","locations":[{"start":{"line":16,"column":15},"end":{"line":16,"column":17}}]}},"s":{"0":2,"1":2,"2":8,"3":8,"4":8,"5":9,"6":2},"f":{"0":8,"1":9},"b":{"0":[0]}}
,"/home/developer/Projects/caju/src/components/ControlledInput/index.tsx": {"path":"/home/developer/Projects/caju/src/components/ControlledInput/index.tsx","statementMap":{"0":{"start":{"line":1,"column":0},"end":{"line":1,"column":61}},"1":{"start":{"line":2,"column":0},"end":{"line":2,"column":53}},"2":{"start":{"line":3,"column":0},"end":{"line":3,"column":43}},"3":{"start":{"line":4,"column":0},"end":{"line":4,"column":37}},"4":{"start":{"line":5,"column":0},"end":{"line":5,"column":62}},"5":{"start":{"line":6,"column":0},"end":{"line":6,"column":26}},"6":{"start":{"line":26,"column":6},"end":{"line":26,"column":22}},"7":{"start":{"line":28,"column":16},"end":{"line":28,"column":30}},"8":{"start":{"line":29,"column":19},"end":{"line":29,"column":29}},"9":{"start":{"line":31,"column":36},"end":{"line":43,"column":18}},"10":{"start":{"line":32,"column":21},"end":{"line":32,"column":27}},"11":{"start":{"line":34,"column":4},"end":{"line":42,"column":6}},"12":{"start":{"line":45,"column":2},"end":{"line":66,"column":4}},"13":{"start":{"line":54,"column":10},"end":{"line":58,"column":12}},"14":{"start":{"line":17,"column":0},"end":{"line":17,"column":16}}},"fnMap":{"0":{"name":"ControlledInput","decl":{"start":{"line":17,"column":16},"end":{"line":17,"column":31}},"loc":{"start":{"line":22,"column":8},"end":{"line":67,"column":1}}},"1":{"name":"(anonymous_2)","decl":{"start":{"line":31,"column":44},"end":{"line":31,"column":47}},"loc":{"start":{"line":31,"column":49},"end":{"line":43,"column":3}}},"2":{"name":"(anonymous_3)","decl":{"start":{"line":53,"column":16},"end":{"line":53,"column":17}},"loc":{"start":{"line":54,"column":10},"end":{"line":58,"column":12}}}},"branchMap":{"0":{"loc":{"start":{"line":21,"column":2},"end":{"line":21,"column":17}},"type":"default-arg","locations":[{"start":{"line":21,"column":15},"end":{"line":21,"column":17}}]},"1":{"loc":{"start":{"line":35,"column":17},"end":{"line":35,"column":45}},"type":"cond-expr","locations":[{"start":{"line":35,"column":28},"end":{"line":35,"column":37}},{"start":{"line":35,"column":40},"end":{"line":35,"column":45}}]},"2":{"loc":{"start":{"line":36,"column":18},"end":{"line":41,"column":12}},"type":"cond-expr","locations":[{"start":{"line":37,"column":11},"end":{"line":40,"column":null}},{"start":{"line":41,"column":10},"end":{"line":41,"column":12}}]},"3":{"loc":{"start":{"line":39,"column":23},"end":{"line":39,"column":41}},"type":"binary-expr","locations":[{"start":{"line":39,"column":23},"end":{"line":39,"column":28}},{"start":{"line":39,"column":32},"end":{"line":39,"column":41}}]}},"s":{"0":2,"1":2,"2":2,"3":2,"4":2,"5":2,"6":22,"7":22,"8":22,"9":22,"10":22,"11":22,"12":22,"13":25,"14":2},"f":{"0":22,"1":22,"2":25},"b":{"0":[0],"1":[7,15],"2":[7,15],"3":[7,0]}}
,"/home/developer/Projects/caju/src/components/Loader/index.tsx": {"path":"/home/developer/Projects/caju/src/components/Loader/index.tsx","statementMap":{"0":{"start":{"line":1,"column":0},"end":{"line":1,"column":69}},"1":{"start":{"line":2,"column":0},"end":{"line":2,"column":35}},"2":{"start":{"line":3,"column":0},"end":{"line":3,"column":30}},"3":{"start":{"line":4,"column":0},"end":{"line":4,"column":32}},"4":{"start":{"line":7,"column":21},"end":{"line":7,"column":36}},"5":{"start":{"line":8,"column":21},"end":{"line":8,"column":36}},"6":{"start":{"line":10,"column":20},"end":{"line":12,"column":null}},"7":{"start":{"line":11,"column":10},"end":{"line":11,"column":34}},"8":{"start":{"line":15,"column":2},"end":{"line":21,"column":4}},"9":{"start":{"line":6,"column":0},"end":{"line":6,"column":24}}},"fnMap":{"0":{"name":"Loader","decl":{"start":{"line":6,"column":24},"end":{"line":6,"column":30}},"loc":{"start":{"line":6,"column":30},"end":{"line":22,"column":1}}},"1":{"name":"(anonymous_8)","decl":{"start":{"line":11,"column":4},"end":{"line":11,"column":7}},"loc":{"start":{"line":11,"column":10},"end":{"line":11,"column":34}}}},"branchMap":{"0":{"loc":{"start":{"line":11,"column":10},"end":{"line":11,"column":34}},"type":"binary-expr","locations":[{"start":{"line":11,"column":10},"end":{"line":11,"column":20}},{"start":{"line":11,"column":24},"end":{"line":11,"column":34}}]},"1":{"loc":{"start":{"line":16,"column":4},"end":{"line":19,"column":null}},"type":"binary-expr","locations":[{"start":{"line":16,"column":4},"end":{"line":16,"column":13}},{"start":{"line":17,"column":6},"end":{"line":18,"column":null}}]}},"s":{"0":1,"1":1,"2":1,"3":1,"4":1,"5":1,"6":1,"7":1,"8":1,"9":1},"f":{"0":1,"1":1},"b":{"0":[1,0],"1":[1,1]}}
,"/home/developer/Projects/caju/src/components/Loader/styles.ts": {"path":"/home/developer/Projects/caju/src/components/Loader/styles.ts","statementMap":{"0":{"start":{"line":1,"column":0},"end":{"line":1,"column":39}},"1":{"start":{"line":3,"column":13},"end":{"line":12,"column":2}}},"fnMap":{},"branchMap":{},"s":{"0":1,"1":1},"f":{},"b":{}}
,"/home/developer/Projects/caju/src/components/TextField/index.tsx": {"path":"/home/developer/Projects/caju/src/components/TextField/index.tsx","statementMap":{"0":{"start":{"line":1,"column":0},"end":{"line":1,"column":60}},"1":{"start":{"line":2,"column":0},"end":{"line":2,"column":39}},"2":{"start":{"line":3,"column":0},"end":{"line":3,"column":73}},"3":{"start":{"line":4,"column":0},"end":{"line":4,"column":43}},"4":{"start":{"line":6,"column":13},"end":{"line":24,"column":2}},"5":{"start":{"line":33,"column":18},"end":{"line":59,"column":1}},"6":{"start":{"line":34,"column":36},"end":{"line":47,"column":19}},"7":{"start":{"line":35,"column":21},"end":{"line":35,"column":27}},"8":{"start":{"line":37,"column":4},"end":{"line":46,"column":6}},"9":{"start":{"line":43,"column":27},"end":{"line":43,"column":46}},"10":{"start":{"line":49,"column":2},"end":{"line":58,"column":4}},"11":{"start":{"line":61,"column":0},"end":{"line":61,"column":25}}},"fnMap":{"0":{"name":"(anonymous_7)","decl":{"start":{"line":33,"column":18},"end":{"line":33,"column":19}},"loc":{"start":{"line":33,"column":70},"end":{"line":59,"column":1}}},"1":{"name":"(anonymous_8)","decl":{"start":{"line":34,"column":44},"end":{"line":34,"column":47}},"loc":{"start":{"line":34,"column":49},"end":{"line":47,"column":3}}},"2":{"name":"(anonymous_9)","decl":{"start":{"line":43,"column":20},"end":{"line":43,"column":21}},"loc":{"start":{"line":43,"column":27},"end":{"line":43,"column":46}}}},"branchMap":{"0":{"loc":{"start":{"line":38,"column":17},"end":{"line":38,"column":45}},"type":"cond-expr","locations":[{"start":{"line":38,"column":28},"end":{"line":38,"column":37}},{"start":{"line":38,"column":40},"end":{"line":38,"column":45}}]},"1":{"loc":{"start":{"line":39,"column":18},"end":{"line":45,"column":12}},"type":"cond-expr","locations":[{"start":{"line":40,"column":11},"end":{"line":44,"column":null}},{"start":{"line":45,"column":10},"end":{"line":45,"column":12}}]},"2":{"loc":{"start":{"line":42,"column":23},"end":{"line":42,"column":41}},"type":"binary-expr","locations":[{"start":{"line":42,"column":23},"end":{"line":42,"column":28}},{"start":{"line":42,"column":32},"end":{"line":42,"column":41}}]},"3":{"loc":{"start":{"line":43,"column":27},"end":{"line":43,"column":46}},"type":"binary-expr","locations":[{"start":{"line":43,"column":27},"end":{"line":43,"column":33}},{"start":{"line":43,"column":37},"end":{"line":43,"column":46}}]}},"s":{"0":5,"1":5,"2":5,"3":5,"4":5,"5":5,"6":13,"7":13,"8":13,"9":0,"10":13,"11":5},"f":{"0":13,"1":13,"2":0},"b":{"0":[13,0],"1":[13,0],"2":[13,0],"3":[0,0]}}
,"/home/developer/Projects/caju/src/configs/axios.ts": {"path":"/home/developer/Projects/caju/src/configs/axios.ts","statementMap":{"0":{"start":{"line":1,"column":0},"end":{"line":1,"column":26}},"1":{"start":{"line":3,"column":13},"end":{"line":5,"column":3}}},"fnMap":{},"branchMap":{},"s":{"0":1,"1":1},"f":{},"b":{}}
,"/home/developer/Projects/caju/src/core/http/HttpClient.ts": {"path":"/home/developer/Projects/caju/src/core/http/HttpClient.ts","statementMap":{"0":{"start":{"line":1,"column":0},"end":{"line":1,"column":56}},"1":{"start":{"line":4,"column":0},"end":{"line":4,"column":48}},"2":{"start":{"line":7,"column":40},"end":{"line":25,"column":1}},"3":{"start":{"line":10,"column":49},"end":{"line":10,"column":55}},"4":{"start":{"line":12,"column":19},"end":{"line":18,"column":4}},"5":{"start":{"line":20,"column":2},"end":{"line":24,"column":4}},"6":{"start":{"line":7,"column":13},"end":{"line":7,"column":40}},"7":{"start":{"line":27,"column":13},"end":{"line":27,"column":71}}},"fnMap":{"0":{"name":"(anonymous_1)","decl":{"start":{"line":7,"column":40},"end":{"line":7,"column":45}},"loc":{"start":{"line":9,"column":31},"end":{"line":25,"column":1}}}},"branchMap":{},"s":{"0":0,"1":0,"2":0,"3":0,"4":0,"5":0,"6":0,"7":0},"f":{"0":0},"b":{}}
,"/home/developer/Projects/caju/src/core/http/HttpClientSingleton.ts": {"path":"/home/developer/Projects/caju/src/core/http/HttpClientSingleton.ts","statementMap":{"0":{"start":{"line":5,"column":10},"end":{"line":5,"column":null}},"1":{"start":{"line":8,"column":4},"end":{"line":8,"column":25}},"2":{"start":{"line":12,"column":4},"end":{"line":14,"column":5}},"3":{"start":{"line":13,"column":6},"end":{"line":13,"column":69}},"4":{"start":{"line":16,"column":4},"end":{"line":16,"column":40}},"5":{"start":{"line":22,"column":4},"end":{"line":22,"column":34}},"6":{"start":{"line":26,"column":0},"end":{"line":26,"column":35}}},"fnMap":{"0":{"name":"(anonymous_0)","decl":{"start":{"line":7,"column":2},"end":{"line":7,"column":22}},"loc":{"start":{"line":7,"column":41},"end":{"line":9,"column":3}}},"1":{"name":"(anonymous_1)","decl":{"start":{"line":11,"column":9},"end":{"line":11,"column":15}},"loc":{"start":{"line":11,"column":47},"end":{"line":17,"column":3}}},"2":{"name":"(anonymous_2)","decl":{"start":{"line":19,"column":9},"end":{"line":19,"column":14}},"loc":{"start":{"line":20,"column":30},"end":{"line":23,"column":3}}}},"branchMap":{"0":{"loc":{"start":{"line":12,"column":4},"end":{"line":14,"column":5}},"type":"if","locations":[{"start":{"line":12,"column":4},"end":{"line":14,"column":5}}]}},"s":{"0":2,"1":2,"2":3,"3":2,"4":3,"5":1,"6":1},"f":{"0":2,"1":3,"2":1},"b":{"0":[2]}}
,"/home/developer/Projects/caju/src/hooks/useConfirm.ts": {"path":"/home/developer/Projects/caju/src/hooks/useConfirm.ts","statementMap":{"0":{"start":{"line":1,"column":0},"end":{"line":1,"column":35}},"1":{"start":{"line":2,"column":0},"end":{"line":2,"column":72}},"2":{"start":{"line":5,"column":26},"end":{"line":13,"column":1}},"3":{"start":{"line":6,"column":18},"end":{"line":6,"column":44}},"4":{"start":{"line":8,"column":2},"end":{"line":10,"column":3}},"5":{"start":{"line":9,"column":4},"end":{"line":9,"column":72}},"6":{"start":{"line":12,"column":2},"end":{"line":12,"column":17}},"7":{"start":{"line":5,"column":13},"end":{"line":5,"column":26}}},"fnMap":{"0":{"name":"(anonymous_0)","decl":{"start":{"line":5,"column":26},"end":{"line":5,"column":49}},"loc":{"start":{"line":5,"column":51},"end":{"line":13,"column":1}}}},"branchMap":{"0":{"loc":{"start":{"line":8,"column":2},"end":{"line":10,"column":3}},"type":"if","locations":[{"start":{"line":8,"column":2},"end":{"line":10,"column":3}}]}},"s":{"0":4,"1":4,"2":4,"3":39,"4":38,"5":0,"6":38,"7":4},"f":{"0":39},"b":{"0":[0]}}
,"/home/developer/Projects/caju/src/pages/Dashboard/index.tsx": {"path":"/home/developer/Projects/caju/src/pages/Dashboard/index.tsx","statementMap":{"0":{"start":{"line":1,"column":0},"end":{"line":1,"column":30}},"1":{"start":{"line":2,"column":0},"end":{"line":2,"column":44}},"2":{"start":{"line":4,"column":0},"end":{"line":4,"column":51}},"3":{"start":{"line":5,"column":0},"end":{"line":5,"column":67}},"4":{"start":{"line":6,"column":0},"end":{"line":6,"column":33}},"5":{"start":{"line":9,"column":22},"end":{"line":22,"column":1}},"6":{"start":{"line":10,"column":32},"end":{"line":10,"column":69}},"7":{"start":{"line":12,"column":28},"end":{"line":12,"column":77}},"8":{"start":{"line":14,"column":2},"end":{"line":21,"column":4}},"9":{"start":{"line":17,"column":54},"end":{"line":17,"column":71}},"10":{"start":{"line":24,"column":0},"end":{"line":24,"column":29}}},"fnMap":{"0":{"name":"(anonymous_7)","decl":{"start":{"line":9,"column":22},"end":{"line":9,"column":25}},"loc":{"start":{"line":9,"column":27},"end":{"line":22,"column":1}}},"1":{"name":"(anonymous_8)","decl":{"start":{"line":17,"column":25},"end":{"line":17,"column":26}},"loc":{"start":{"line":17,"column":54},"end":{"line":17,"column":71}}}},"branchMap":{},"s":{"0":1,"1":1,"2":1,"3":1,"4":1,"5":1,"6":8,"7":8,"8":8,"9":0,"10":1},"f":{"0":8,"1":0},"b":{}}
,"/home/developer/Projects/caju/src/pages/Dashboard/components/Columns/index.tsx": {"path":"/home/developer/Projects/caju/src/pages/Dashboard/components/Columns/index.tsx","statementMap":{"0":{"start":{"line":1,"column":0},"end":{"line":1,"column":30}},"1":{"start":{"line":2,"column":0},"end":{"line":2,"column":51}},"2":{"start":{"line":5,"column":19},"end":{"line":9,"column":2}},"3":{"start":{"line":14,"column":16},"end":{"line":42,"column":1}},"4":{"start":{"line":15,"column":2},"end":{"line":41,"column":4}},"5":{"start":{"line":18,"column":8},"end":{"line":38,"column":10}},"6":{"start":{"line":26,"column":34},"end":{"line":26,"column":60}},"7":{"start":{"line":28,"column":20},"end":{"line":33,"column":22}},"8":{"start":{"line":43,"column":0},"end":{"line":43,"column":23}}},"fnMap":{"0":{"name":"(anonymous_7)","decl":{"start":{"line":14,"column":16},"end":{"line":14,"column":17}},"loc":{"start":{"line":14,"column":33},"end":{"line":42,"column":1}}},"1":{"name":"(anonymous_8)","decl":{"start":{"line":17,"column":22},"end":{"line":17,"column":23}},"loc":{"start":{"line":17,"column":33},"end":{"line":39,"column":7}}},"2":{"name":"(anonymous_9)","decl":{"start":{"line":26,"column":27},"end":{"line":26,"column":28}},"loc":{"start":{"line":26,"column":34},"end":{"line":26,"column":60}}},"3":{"name":"(anonymous_10)","decl":{"start":{"line":27,"column":23},"end":{"line":27,"column":24}},"loc":{"start":{"line":27,"column":40},"end":{"line":34,"column":19}}}},"branchMap":{},"s":{"0":1,"1":1,"2":1,"3":1,"4":8,"5":24,"6":15,"7":5,"8":1},"f":{"0":8,"1":24,"2":15,"3":5},"b":{}}
,"/home/developer/Projects/caju/src/pages/Dashboard/components/Columns/styles.tsx": {"path":"/home/developer/Projects/caju/src/pages/Dashboard/components/Columns/styles.tsx","statementMap":{"0":{"start":{"line":1,"column":0},"end":{"line":1,"column":39}},"1":{"start":{"line":4,"column":4},"end":{"line":17,"column":2}},"2":{"start":{"line":19,"column":13},"end":{"line":25,"column":2}},"3":{"start":{"line":27,"column":13},"end":{"line":34,"column":2}},"4":{"start":{"line":30,"column":4},"end":{"line":30,"column":47}},"5":{"start":{"line":36,"column":13},"end":{"line":40,"column":2}},"6":{"start":{"line":38,"column":27},"end":{"line":38,"column":65}},"7":{"start":{"line":42,"column":13},"end":{"line":45,"column":2}}},"fnMap":{"0":{"name":"(anonymous_1)","decl":{"start":{"line":29,"column":22},"end":{"line":29,"column":23}},"loc":{"start":{"line":30,"column":4},"end":{"line":30,"column":47}}},"1":{"name":"(anonymous_2)","decl":{"start":{"line":38,"column":11},"end":{"line":38,"column":12}},"loc":{"start":{"line":38,"column":27},"end":{"line":38,"column":65}}}},"branchMap":{},"s":{"0":1,"1":1,"2":1,"3":1,"4":24,"5":1,"6":24,"7":1},"f":{"0":24,"1":24},"b":{}}
,"/home/developer/Projects/caju/src/pages/Dashboard/components/RegistrationCard/index.tsx": {"path":"/home/developer/Projects/caju/src/pages/Dashboard/components/RegistrationCard/index.tsx","statementMap":{"0":{"start":{"line":1,"column":0},"end":{"line":1,"column":51}},"1":{"start":{"line":2,"column":0},"end":{"line":2,"column":30}},"2":{"start":{"line":5,"column":0},"end":{"line":5,"column":36}},"3":{"start":{"line":6,"column":0},"end":{"line":6,"column":48}},"4":{"start":{"line":7,"column":0},"end":{"line":7,"column":74}},"5":{"start":{"line":8,"column":0},"end":{"line":8,"column":55}},"6":{"start":{"line":9,"column":0},"end":{"line":9,"column":68}},"7":{"start":{"line":11,"column":0},"end":{"line":11,"column":null}},"8":{"start":{"line":22,"column":25},"end":{"line":123,"column":1}},"9":{"start":{"line":23,"column":22},"end":{"line":23,"column":34}},"10":{"start":{"line":24,"column":37},"end":{"line":24,"column":60}},"11":{"start":{"line":25,"column":34},"end":{"line":25,"column":54}},"12":{"start":{"line":27,"column":22},"end":{"line":27,"column":38}},"13":{"start":{"line":29,"column":31},"end":{"line":44,"column":8}},"14":{"start":{"line":30,"column":24},"end":{"line":31,"column":null}},"15":{"start":{"line":34,"column":4},"end":{"line":43,"column":5}},"16":{"start":{"line":35,"column":6},"end":{"line":42,"column":9}},"17":{"start":{"line":37,"column":10},"end":{"line":37,"column":73}},"18":{"start":{"line":40,"column":10},"end":{"line":40,"column":56}},"19":{"start":{"line":46,"column":28},"end":{"line":62,"column":8}},"20":{"start":{"line":47,"column":24},"end":{"line":48,"column":null}},"21":{"start":{"line":51,"column":4},"end":{"line":61,"column":5}},"22":{"start":{"line":52,"column":6},"end":{"line":60,"column":9}},"23":{"start":{"line":54,"column":10},"end":{"line":54,"column":48}},"24":{"start":{"line":55,"column":10},"end":{"line":55,"column":73}},"25":{"start":{"line":58,"column":10},"end":{"line":58,"column":56}},"26":{"start":{"line":64,"column":2},"end":{"line":122,"column":4}},"27":{"start":{"line":87,"column":18},"end":{"line":87,"column":74}},"28":{"start":{"line":96,"column":18},"end":{"line":96,"column":74}},"29":{"start":{"line":107,"column":16},"end":{"line":107,"column":70}},"30":{"start":{"line":118,"column":25},"end":{"line":118,"column":60}},"31":{"start":{"line":125,"column":0},"end":{"line":125,"column":32}}},"fnMap":{"0":{"name":"(anonymous_6)","decl":{"start":{"line":22,"column":25},"end":{"line":22,"column":26}},"loc":{"start":{"line":22,"column":42},"end":{"line":123,"column":1}}},"1":{"name":"(anonymous_7)","decl":{"start":{"line":29,"column":43},"end":{"line":29,"column":48}},"loc":{"start":{"line":29,"column":64},"end":{"line":44,"column":3}}},"2":{"name":"(anonymous_8)","decl":{"start":{"line":36,"column":8},"end":{"line":36,"column":17}},"loc":{"start":{"line":36,"column":17},"end":{"line":38,"column":9}}},"3":{"name":"(anonymous_9)","decl":{"start":{"line":39,"column":8},"end":{"line":39,"column":15}},"loc":{"start":{"line":39,"column":15},"end":{"line":41,"column":9}}},"4":{"name":"(anonymous_10)","decl":{"start":{"line":46,"column":40},"end":{"line":46,"column":45}},"loc":{"start":{"line":46,"column":73},"end":{"line":62,"column":3}}},"5":{"name":"(anonymous_11)","decl":{"start":{"line":53,"column":8},"end":{"line":53,"column":17}},"loc":{"start":{"line":53,"column":42},"end":{"line":56,"column":9}}},"6":{"name":"(anonymous_12)","decl":{"start":{"line":57,"column":8},"end":{"line":57,"column":15}},"loc":{"start":{"line":57,"column":15},"end":{"line":59,"column":9}}},"7":{"name":"(anonymous_13)","decl":{"start":{"line":86,"column":25},"end":{"line":86,"column":28}},"loc":{"start":{"line":87,"column":18},"end":{"line":87,"column":74}}},"8":{"name":"(anonymous_14)","decl":{"start":{"line":95,"column":25},"end":{"line":95,"column":28}},"loc":{"start":{"line":96,"column":18},"end":{"line":96,"column":74}}},"9":{"name":"(anonymous_15)","decl":{"start":{"line":106,"column":23},"end":{"line":106,"column":26}},"loc":{"start":{"line":107,"column":16},"end":{"line":107,"column":70}}},"10":{"name":"(anonymous_16)","decl":{"start":{"line":118,"column":19},"end":{"line":118,"column":22}},"loc":{"start":{"line":118,"column":25},"end":{"line":118,"column":60}}}},"branchMap":{"0":{"loc":{"start":{"line":34,"column":4},"end":{"line":43,"column":5}},"type":"if","locations":[{"start":{"line":34,"column":4},"end":{"line":43,"column":5}}]},"1":{"loc":{"start":{"line":51,"column":4},"end":{"line":61,"column":5}},"type":"if","locations":[{"start":{"line":51,"column":4},"end":{"line":61,"column":5}}]},"2":{"loc":{"start":{"line":82,"column":11},"end":{"line":112,"column":null}},"type":"cond-expr","locations":[{"start":{"line":83,"column":12},"end":{"line":101,"column":null}},{"start":{"line":104,"column":12},"end":{"line":109,"column":null}}]}},"s":{"0":2,"1":2,"2":2,"3":2,"4":2,"5":2,"6":2,"7":2,"8":2,"9":15,"10":15,"11":15,"12":15,"13":15,"14":1,"15":0,"16":0,"17":0,"18":0,"19":15,"20":3,"21":0,"22":0,"23":0,"24":0,"25":0,"26":15,"27":1,"28":1,"29":1,"30":1,"31":2},"f":{"0":15,"1":1,"2":0,"3":0,"4":3,"5":0,"6":0,"7":1,"8":1,"9":1,"10":1},"b":{"0":[0],"1":[0],"2":[13,2]}}
,"/home/developer/Projects/caju/src/pages/Dashboard/components/RegistrationCard/styles.tsx": {"path":"/home/developer/Projects/caju/src/pages/Dashboard/components/RegistrationCard/styles.tsx","statementMap":{"0":{"start":{"line":1,"column":0},"end":{"line":1,"column":39}},"1":{"start":{"line":3,"column":13},"end":{"line":17,"column":2}},"2":{"start":{"line":19,"column":13},"end":{"line":23,"column":2}},"3":{"start":{"line":25,"column":13},"end":{"line":35,"column":2}},"4":{"start":{"line":37,"column":13},"end":{"line":41,"column":2}}},"fnMap":{},"branchMap":{},"s":{"0":2,"1":2,"2":2,"3":2,"4":2},"f":{},"b":{}}
,"/home/developer/Projects/caju/src/pages/Dashboard/components/Searchbar/index.tsx": {"path":"/home/developer/Projects/caju/src/pages/Dashboard/components/Searchbar/index.tsx","statementMap":{"0":{"start":{"line":1,"column":0},"end":{"line":1,"column":30}},"1":{"start":{"line":2,"column":0},"end":{"line":2,"column":43}},"2":{"start":{"line":3,"column":0},"end":{"line":3,"column":46}},"3":{"start":{"line":4,"column":0},"end":{"line":4,"column":61}},"4":{"start":{"line":5,"column":0},"end":{"line":5,"column":55}},"5":{"start":{"line":7,"column":0},"end":{"line":7,"column":42}},"6":{"start":{"line":8,"column":0},"end":{"line":8,"column":47}},"7":{"start":{"line":9,"column":0},"end":{"line":9,"column":37}},"8":{"start":{"line":10,"column":0},"end":{"line":10,"column":33}},"9":{"start":{"line":12,"column":25},"end":{"line":63,"column":1}},"10":{"start":{"line":17,"column":30},"end":{"line":17,"column":47}},"11":{"start":{"line":18,"column":18},"end":{"line":18,"column":30}},"12":{"start":{"line":19,"column":22},"end":{"line":19,"column":38}},"13":{"start":{"line":21,"column":31},"end":{"line":23,"column":3}},"14":{"start":{"line":22,"column":4},"end":{"line":22,"column":33}},"15":{"start":{"line":25,"column":2},"end":{"line":62,"column":4}},"16":{"start":{"line":35,"column":10},"end":{"line":38,"column":11}},"17":{"start":{"line":36,"column":12},"end":{"line":36,"column":73}},"18":{"start":{"line":36,"column":38},"end":{"line":36,"column":70}},"19":{"start":{"line":37,"column":12},"end":{"line":37,"column":53}},"20":{"start":{"line":46,"column":12},"end":{"line":48,"column":14}},"21":{"start":{"line":56,"column":25},"end":{"line":56,"column":47}},"22":{"start":{"line":12,"column":13},"end":{"line":12,"column":25}}},"fnMap":{"0":{"name":"(anonymous_7)","decl":{"start":{"line":12,"column":25},"end":{"line":12,"column":26}},"loc":{"start":{"line":16,"column":5},"end":{"line":63,"column":1}}},"1":{"name":"(anonymous_8)","decl":{"start":{"line":21,"column":31},"end":{"line":21,"column":34}},"loc":{"start":{"line":21,"column":36},"end":{"line":23,"column":3}}},"2":{"name":"(anonymous_9)","decl":{"start":{"line":34,"column":16},"end":{"line":34,"column":17}},"loc":{"start":{"line":34,"column":22},"end":{"line":39,"column":9}}},"3":{"name":"(anonymous_10)","decl":{"start":{"line":36,"column":22},"end":{"line":36,"column":23}},"loc":{"start":{"line":36,"column":38},"end":{"line":36,"column":70}}},"4":{"name":"(anonymous_11)","decl":{"start":{"line":45,"column":19},"end":{"line":45,"column":22}},"loc":{"start":{"line":46,"column":12},"end":{"line":48,"column":14}}},"5":{"name":"(anonymous_12)","decl":{"start":{"line":56,"column":19},"end":{"line":56,"column":22}},"loc":{"start":{"line":56,"column":25},"end":{"line":56,"column":47}}}},"branchMap":{"0":{"loc":{"start":{"line":35,"column":10},"end":{"line":38,"column":11}},"type":"if","locations":[{"start":{"line":35,"column":10},"end":{"line":38,"column":11}}]},"1":{"loc":{"start":{"line":35,"column":14},"end":{"line":35,"column":55}},"type":"binary-expr","locations":[{"start":{"line":35,"column":14},"end":{"line":35,"column":30}},{"start":{"line":35,"column":34},"end":{"line":35,"column":55}}]}},"s":{"0":2,"1":2,"2":2,"3":2,"4":2,"5":2,"6":2,"7":2,"8":2,"9":2,"10":13,"11":13,"12":13,"13":13,"14":2,"15":13,"16":0,"17":0,"18":0,"19":0,"20":2,"21":2,"22":2},"f":{"0":13,"1":2,"2":0,"3":0,"4":2,"5":2},"b":{"0":[0],"1":[0,0]}}
,"/home/developer/Projects/caju/src/pages/Dashboard/hooks/useDeleteRegistration.ts": {"path":"/home/developer/Projects/caju/src/pages/Dashboard/hooks/useDeleteRegistration.ts","statementMap":{"0":{"start":{"line":1,"column":0},"end":{"line":1,"column":52}},"1":{"start":{"line":2,"column":0},"end":{"line":2,"column":58}},"2":{"start":{"line":4,"column":37},"end":{"line":11,"column":1}},"3":{"start":{"line":5,"column":30},"end":{"line":8,"column":4}},"4":{"start":{"line":10,"column":2},"end":{"line":10,"column":21}},"5":{"start":{"line":4,"column":13},"end":{"line":4,"column":37}}},"fnMap":{"0":{"name":"(anonymous_0)","decl":{"start":{"line":4,"column":37},"end":{"line":4,"column":40}},"loc":{"start":{"line":4,"column":42},"end":{"line":11,"column":1}}}},"branchMap":{},"s":{"0":2,"1":2,"2":2,"3":15,"4":15,"5":2},"f":{"0":15},"b":{}}
,"/home/developer/Projects/caju/src/pages/Dashboard/hooks/useGetRegistrations.ts": {"path":"/home/developer/Projects/caju/src/pages/Dashboard/hooks/useGetRegistrations.ts","statementMap":{"0":{"start":{"line":1,"column":0},"end":{"line":1,"column":49}},"1":{"start":{"line":2,"column":0},"end":{"line":2,"column":56}},"2":{"start":{"line":6,"column":65},"end":{"line":9,"column":4}},"3":{"start":{"line":11,"column":2},"end":{"line":11,"column":49}},"4":{"start":{"line":5,"column":0},"end":{"line":5,"column":16}}},"fnMap":{"0":{"name":"usetGetRegistrations","decl":{"start":{"line":5,"column":16},"end":{"line":5,"column":36}},"loc":{"start":{"line":5,"column":71},"end":{"line":12,"column":1}}}},"branchMap":{},"s":{"0":2,"1":2,"2":10,"3":10,"4":2},"f":{"0":10},"b":{}}
,"/home/developer/Projects/caju/src/pages/Dashboard/hooks/usePutRegistration.ts": {"path":"/home/developer/Projects/caju/src/pages/Dashboard/hooks/usePutRegistration.ts","statementMap":{"0":{"start":{"line":1,"column":0},"end":{"line":1,"column":52}},"1":{"start":{"line":2,"column":0},"end":{"line":2,"column":55}},"2":{"start":{"line":4,"column":34},"end":{"line":11,"column":1}},"3":{"start":{"line":5,"column":30},"end":{"line":8,"column":4}},"4":{"start":{"line":10,"column":2},"end":{"line":10,"column":21}},"5":{"start":{"line":4,"column":13},"end":{"line":4,"column":34}}},"fnMap":{"0":{"name":"(anonymous_0)","decl":{"start":{"line":4,"column":34},"end":{"line":4,"column":37}},"loc":{"start":{"line":4,"column":39},"end":{"line":11,"column":1}}}},"branchMap":{},"s":{"0":2,"1":2,"2":2,"3":15,"4":15,"5":2},"f":{"0":15},"b":{}}
,"/home/developer/Projects/caju/src/pages/NewUser/index.tsx": {"path":"/home/developer/Projects/caju/src/pages/NewUser/index.tsx","statementMap":{"0":{"start":{"line":1,"column":0},"end":{"line":1,"column":30}},"1":{"start":{"line":2,"column":0},"end":{"line":2,"column":42}},"2":{"start":{"line":4,"column":0},"end":{"line":4,"column":52}},"3":{"start":{"line":5,"column":0},"end":{"line":5,"column":61}},"4":{"start":{"line":6,"column":0},"end":{"line":6,"column":46}},"5":{"start":{"line":7,"column":0},"end":{"line":7,"column":71}},"6":{"start":{"line":8,"column":0},"end":{"line":8,"column":63}},"7":{"start":{"line":9,"column":0},"end":{"line":9,"column":54}},"8":{"start":{"line":10,"column":0},"end":{"line":10,"column":52}},"9":{"start":{"line":12,"column":0},"end":{"line":12,"column":37}},"10":{"start":{"line":13,"column":0},"end":{"line":13,"column":73}},"11":{"start":{"line":14,"column":0},"end":{"line":14,"column":48}},"12":{"start":{"line":16,"column":20},"end":{"line":91,"column":1}},"13":{"start":{"line":17,"column":18},"end":{"line":17,"column":30}},"14":{"start":{"line":18,"column":21},"end":{"line":18,"column":33}},"15":{"start":{"line":20,"column":19},"end":{"line":22,"column":3}},"16":{"start":{"line":21,"column":4},"end":{"line":21,"column":35}},"17":{"start":{"line":24,"column":18},"end":{"line":28,"column":4}},"18":{"start":{"line":30,"column":27},"end":{"line":30,"column":34}},"19":{"start":{"line":32,"column":39},"end":{"line":42,"column":3}},"20":{"start":{"line":33,"column":4},"end":{"line":41,"column":7}},"21":{"start":{"line":35,"column":8},"end":{"line":35,"column":46}},"22":{"start":{"line":36,"column":8},"end":{"line":36,"column":19}},"23":{"start":{"line":39,"column":8},"end":{"line":39,"column":56}},"24":{"start":{"line":44,"column":2},"end":{"line":90,"column":4}},"25":{"start":{"line":48,"column":25},"end":{"line":48,"column":35}},"26":{"start":{"line":93,"column":0},"end":{"line":93,"column":27}}},"fnMap":{"0":{"name":"(anonymous_7)","decl":{"start":{"line":16,"column":20},"end":{"line":16,"column":23}},"loc":{"start":{"line":16,"column":25},"end":{"line":91,"column":1}}},"1":{"name":"(anonymous_8)","decl":{"start":{"line":20,"column":19},"end":{"line":20,"column":22}},"loc":{"start":{"line":20,"column":24},"end":{"line":22,"column":3}}},"2":{"name":"(anonymous_9)","decl":{"start":{"line":32,"column":39},"end":{"line":32,"column":40}},"loc":{"start":{"line":32,"column":48},"end":{"line":42,"column":3}}},"3":{"name":"(anonymous_10)","decl":{"start":{"line":34,"column":6},"end":{"line":34,"column":15}},"loc":{"start":{"line":34,"column":40},"end":{"line":37,"column":7}}},"4":{"name":"(anonymous_11)","decl":{"start":{"line":38,"column":6},"end":{"line":38,"column":13}},"loc":{"start":{"line":38,"column":39},"end":{"line":40,"column":7}}},"5":{"name":"(anonymous_12)","decl":{"start":{"line":48,"column":19},"end":{"line":48,"column":22}},"loc":{"start":{"line":48,"column":25},"end":{"line":48,"column":35}}}},"branchMap":{},"s":{"0":1,"1":1,"2":1,"3":1,"4":1,"5":1,"6":1,"7":1,"8":1,"9":1,"10":1,"11":1,"12":1,"13":7,"14":7,"15":7,"16":2,"17":7,"18":7,"19":7,"20":1,"21":1,"22":1,"23":0,"24":7,"25":1,"26":1},"f":{"0":7,"1":2,"2":1,"3":1,"4":0,"5":1},"b":{}}
,"/home/developer/Projects/caju/src/pages/NewUser/styles.ts": {"path":"/home/developer/Projects/caju/src/pages/NewUser/styles.ts","statementMap":{"0":{"start":{"line":1,"column":0},"end":{"line":1,"column":39}},"1":{"start":{"line":2,"column":0},"end":{"line":2,"column":68}},"2":{"start":{"line":3,"column":0},"end":{"line":3,"column":42}},"3":{"start":{"line":5,"column":13},"end":{"line":11,"column":2}},"4":{"start":{"line":13,"column":13},"end":{"line":17,"column":2}},"5":{"start":{"line":19,"column":13},"end":{"line":35,"column":2}}},"fnMap":{},"branchMap":{},"s":{"0":1,"1":1,"2":1,"3":1,"4":1,"5":1},"f":{},"b":{}}
,"/home/developer/Projects/caju/src/pages/NewUser/validation.schema.ts": {"path":"/home/developer/Projects/caju/src/pages/NewUser/validation.schema.ts","statementMap":{"0":{"start":{"line":1,"column":0},"end":{"line":1,"column":27}},"1":{"start":{"line":2,"column":0},"end":{"line":2,"column":49}},"2":{"start":{"line":4,"column":13},"end":{"line":32,"column":14}},"3":{"start":{"line":25,"column":8},"end":{"line":25,"column":25}}},"fnMap":{"0":{"name":"(anonymous_6)","decl":{"start":{"line":24,"column":57},"end":{"line":24,"column":58}},"loc":{"start":{"line":25,"column":8},"end":{"line":25,"column":25}}}},"branchMap":{},"s":{"0":1,"1":1,"2":1,"3":2},"f":{"0":2},"b":{}}
,"/home/developer/Projects/caju/src/pages/NewUser/hooks/useNewUser.ts": {"path":"/home/developer/Projects/caju/src/pages/NewUser/hooks/useNewUser.ts","statementMap":{"0":{"start":{"line":1,"column":0},"end":{"line":1,"column":52}},"1":{"start":{"line":2,"column":0},"end":{"line":2,"column":56}},"2":{"start":{"line":5,"column":21},"end":{"line":8,"column":4}},"3":{"start":{"line":10,"column":2},"end":{"line":10,"column":20}},"4":{"start":{"line":4,"column":0},"end":{"line":4,"column":16}}},"fnMap":{"0":{"name":"useNewUser","decl":{"start":{"line":4,"column":16},"end":{"line":4,"column":26}},"loc":{"start":{"line":4,"column":26},"end":{"line":11,"column":1}}}},"branchMap":{},"s":{"0":2,"1":2,"2":8,"3":8,"4":2},"f":{"0":8},"b":{}}
,"/home/developer/Projects/caju/src/services/Dashboard/index.ts": {"path":"/home/developer/Projects/caju/src/services/Dashboard/index.ts","statementMap":{"0":{"start":{"line":2,"column":0},"end":{"line":2,"column":52}},"1":{"start":{"line":9,"column":2},"end":{"line":21,"column":3}},"2":{"start":{"line":10,"column":24},"end":{"line":10,"column":32}},"3":{"start":{"line":12,"column":21},"end":{"line":16,"column":6}},"4":{"start":{"line":18,"column":4},"end":{"line":18,"column":25}},"5":{"start":{"line":20,"column":4},"end":{"line":20,"column":45}},"6":{"start":{"line":4,"column":0},"end":{"line":4,"column":7}},"7":{"start":{"line":25,"column":2},"end":{"line":38,"column":3}},"8":{"start":{"line":26,"column":21},"end":{"line":33,"column":6}},"9":{"start":{"line":35,"column":4},"end":{"line":35,"column":25}},"10":{"start":{"line":37,"column":4},"end":{"line":37,"column":65}},"11":{"start":{"line":24,"column":0},"end":{"line":24,"column":7}},"12":{"start":{"line":42,"column":2},"end":{"line":52,"column":3}},"13":{"start":{"line":43,"column":21},"end":{"line":47,"column":6}},"14":{"start":{"line":49,"column":4},"end":{"line":49,"column":25}},"15":{"start":{"line":51,"column":4},"end":{"line":51,"column":57}},"16":{"start":{"line":41,"column":0},"end":{"line":41,"column":7}},"17":{"start":{"line":56,"column":2},"end":{"line":65,"column":3}},"18":{"start":{"line":57,"column":21},"end":{"line":60,"column":6}},"19":{"start":{"line":62,"column":4},"end":{"line":62,"column":25}},"20":{"start":{"line":64,"column":4},"end":{"line":64,"column":58}},"21":{"start":{"line":55,"column":0},"end":{"line":55,"column":7}}},"fnMap":{"0":{"name":"getRegistrations","decl":{"start":{"line":4,"column":22},"end":{"line":4,"column":38}},"loc":{"start":{"line":8,"column":1},"end":{"line":22,"column":1}}},"1":{"name":"postRegistration","decl":{"start":{"line":24,"column":22},"end":{"line":24,"column":38}},"loc":{"start":{"line":24,"column":69},"end":{"line":39,"column":1}}},"2":{"name":"putRegistration","decl":{"start":{"line":41,"column":22},"end":{"line":41,"column":37}},"loc":{"start":{"line":41,"column":68},"end":{"line":53,"column":1}}},"3":{"name":"deleteRegistration","decl":{"start":{"line":55,"column":22},"end":{"line":55,"column":40}},"loc":{"start":{"line":55,"column":51},"end":{"line":66,"column":1}}}},"branchMap":{"0":{"loc":{"start":{"line":15,"column":14},"end":{"line":15,"column":34}},"type":"binary-expr","locations":[{"start":{"line":15,"column":14},"end":{"line":15,"column":23}},{"start":{"line":15,"column":27},"end":{"line":15,"column":34}}]}},"s":{"0":6,"1":11,"2":11,"3":11,"4":10,"5":3,"6":6,"7":4,"8":4,"9":3,"10":1,"11":6,"12":2,"13":2,"14":1,"15":1,"16":6,"17":2,"18":2,"19":1,"20":1,"21":6},"f":{"0":11,"1":4,"2":2,"3":2},"b":{"0":[11,3]}}
,"/home/developer/Projects/caju/src/store/context/confirm/ConfirmContext.tsx": {"path":"/home/developer/Projects/caju/src/store/context/confirm/ConfirmContext.tsx","statementMap":{"0":{"start":{"line":1,"column":0},"end":{"line":1,"column":38}},"1":{"start":{"line":5,"column":13},"end":{"line":10,"column":2}},"2":{"start":{"line":8,"column":21},"end":{"line":8,"column":42}},"3":{"start":{"line":9,"column":30},"end":{"line":9,"column":55}},"4":{"start":{"line":12,"column":13},"end":{"line":12,"column":78}}},"fnMap":{"0":{"name":"(anonymous_0)","decl":{"start":{"line":8,"column":11},"end":{"line":8,"column":12}},"loc":{"start":{"line":8,"column":21},"end":{"line":8,"column":42}}},"1":{"name":"(anonymous_1)","decl":{"start":{"line":9,"column":16},"end":{"line":9,"column":17}},"loc":{"start":{"line":9,"column":30},"end":{"line":9,"column":55}}}},"branchMap":{},"s":{"0":16,"1":16,"2":2,"3":2,"4":16},"f":{"0":2,"1":2},"b":{}}
,"/home/developer/Projects/caju/src/store/context/confirm/ConfirmContextProvider.tsx": {"path":"/home/developer/Projects/caju/src/store/context/confirm/ConfirmContextProvider.tsx","statementMap":{"0":{"start":{"line":1,"column":0},"end":{"line":1,"column":57}},"1":{"start":{"line":3,"column":0},"end":{"line":3,"column":64}},"2":{"start":{"line":5,"column":38},"end":{"line":46,"column":1}},"3":{"start":{"line":10,"column":28},"end":{"line":13,"column":4}},"4":{"start":{"line":15,"column":18},"end":{"line":26,"column":null}},"5":{"start":{"line":17,"column":6},"end":{"line":24,"column":9}},"6":{"start":{"line":18,"column":8},"end":{"line":18,"column":41}},"7":{"start":{"line":19,"column":8},"end":{"line":23,"column":11}},"8":{"start":{"line":29,"column":23},"end":{"line":36,"column":null}},"9":{"start":{"line":31,"column":6},"end":{"line":34,"column":7}},"10":{"start":{"line":32,"column":8},"end":{"line":32,"column":32}},"11":{"start":{"line":33,"column":8},"end":{"line":33,"column":31}},"12":{"start":{"line":39,"column":2},"end":{"line":45,"column":4}},"13":{"start":{"line":5,"column":13},"end":{"line":5,"column":38}}},"fnMap":{"0":{"name":"(anonymous_0)","decl":{"start":{"line":5,"column":38},"end":{"line":5,"column":39}},"loc":{"start":{"line":9,"column":5},"end":{"line":46,"column":1}}},"1":{"name":"(anonymous_1)","decl":{"start":{"line":16,"column":4},"end":{"line":16,"column":9}},"loc":{"start":{"line":16,"column":27},"end":{"line":25,"column":5}}},"2":{"name":"(anonymous_2)","decl":{"start":{"line":17,"column":25},"end":{"line":17,"column":26}},"loc":{"start":{"line":17,"column":37},"end":{"line":24,"column":7}}},"3":{"name":"(anonymous_3)","decl":{"start":{"line":30,"column":4},"end":{"line":30,"column":9}},"loc":{"start":{"line":30,"column":32},"end":{"line":35,"column":5}}}},"branchMap":{"0":{"loc":{"start":{"line":31,"column":6},"end":{"line":34,"column":7}},"type":"if","locations":[{"start":{"line":31,"column":6},"end":{"line":34,"column":7}}]}},"s":{"0":15,"1":15,"2":15,"3":47,"4":47,"5":9,"6":9,"7":9,"8":47,"9":5,"10":4,"11":4,"12":47,"13":15},"f":{"0":47,"1":9,"2":9,"3":5},"b":{"0":[4]}}
,"/home/developer/Projects/caju/src/utils/formatters.ts": {"path":"/home/developer/Projects/caju/src/utils/formatters.ts","statementMap":{"0":{"start":{"line":1,"column":13},"end":{"line":18,"column":2}}},"fnMap":{},"branchMap":{},"s":{"0":5},"f":{},"b":{}}
,"/home/developer/Projects/caju/src/utils/validations.ts": {"path":"/home/developer/Projects/caju/src/utils/validations.ts","statementMap":{"0":{"start":{"line":3,"column":2},"end":{"line":3,"column":35}},"1":{"start":{"line":6,"column":2},"end":{"line":8,"column":3}},"2":{"start":{"line":7,"column":4},"end":{"line":7,"column":17}},"3":{"start":{"line":11,"column":2},"end":{"line":13,"column":3}},"4":{"start":{"line":12,"column":4},"end":{"line":12,"column":17}},"5":{"start":{"line":16,"column":13},"end":{"line":16,"column":14}},"6":{"start":{"line":18,"column":2},"end":{"line":20,"column":3}},"7":{"start":{"line":18,"column":15},"end":{"line":18,"column":16}},"8":{"start":{"line":19,"column":4},"end":{"line":19,"column":47}},"9":{"start":{"line":21,"column":2},"end":{"line":21,"column":20}},"10":{"start":{"line":22,"column":16},"end":{"line":22,"column":42}},"11":{"start":{"line":25,"column":2},"end":{"line":25,"column":11}},"12":{"start":{"line":26,"column":2},"end":{"line":28,"column":3}},"13":{"start":{"line":26,"column":15},"end":{"line":26,"column":16}},"14":{"start":{"line":27,"column":4},"end":{"line":27,"column":47}},"15":{"start":{"line":29,"column":2},"end":{"line":29,"column":20}},"16":{"start":{"line":30,"column":16},"end":{"line":30,"column":42}},"17":{"start":{"line":33,"column":2},"end":{"line":33,"column":63}},"18":{"start":{"line":1,"column":0},"end":{"line":1,"column":16}}},"fnMap":{"0":{"name":"validarCPF","decl":{"start":{"line":1,"column":16},"end":{"line":1,"column":26}},"loc":{"start":{"line":1,"column":35},"end":{"line":34,"column":1}}}},"branchMap":{"0":{"loc":{"start":{"line":6,"column":2},"end":{"line":8,"column":3}},"type":"if","locations":[{"start":{"line":6,"column":2},"end":{"line":8,"column":3}}]},"1":{"loc":{"start":{"line":11,"column":2},"end":{"line":13,"column":3}},"type":"if","locations":[{"start":{"line":11,"column":2},"end":{"line":13,"column":3}}]},"2":{"loc":{"start":{"line":22,"column":16},"end":{"line":22,"column":42}},"type":"cond-expr","locations":[{"start":{"line":22,"column":28},"end":{"line":22,"column":29}},{"start":{"line":22,"column":32},"end":{"line":22,"column":42}}]},"3":{"loc":{"start":{"line":30,"column":16},"end":{"line":30,"column":42}},"type":"cond-expr","locations":[{"start":{"line":30,"column":28},"end":{"line":30,"column":29}},{"start":{"line":30,"column":32},"end":{"line":30,"column":42}}]},"4":{"loc":{"start":{"line":33,"column":9},"end":{"line":33,"column":62}},"type":"binary-expr","locations":[{"start":{"line":33,"column":9},"end":{"line":33,"column":33}},{"start":{"line":33,"column":37},"end":{"line":33,"column":62}}]}},"s":{"0":6,"1":6,"2":2,"3":4,"4":1,"5":3,"6":3,"7":3,"8":27,"9":3,"10":3,"11":3,"12":3,"13":3,"14":30,"15":3,"16":3,"17":3,"18":2},"f":{"0":6},"b":{"0":[2],"1":[1],"2":[1,2],"3":[0,3],"4":[3,2]}}
,"/home/developer/Projects/caju/src/utils/tests/index.tsx": {"path":"/home/developer/Projects/caju/src/utils/tests/index.tsx","statementMap":{"0":{"start":{"line":1,"column":0},"end":{"line":1,"column":73}},"1":{"start":{"line":2,"column":0},"end":{"line":2,"column":63}},"2":{"start":{"line":4,"column":0},"end":{"line":4,"column":50}},"3":{"start":{"line":5,"column":0},"end":{"line":5,"column":88}},"4":{"start":{"line":8,"column":20},"end":{"line":14,"column":2}},"5":{"start":{"line":16,"column":24},"end":{"line":24,"column":1}},"6":{"start":{"line":17,"column":2},"end":{"line":23,"column":4}},"7":{"start":{"line":26,"column":21},"end":{"line":27,"column":54}},"8":{"start":{"line":27,"column":2},"end":{"line":27,"column":54}},"9":{"start":{"line":38,"column":9},"end":{"line":38,"column":21}},"10":{"start":{"line":29,"column":37},"end":{"line":36,"column":2}},"11":{"start":{"line":38,"column":23},"end":{"line":38,"column":33}}},"fnMap":{"0":{"name":"(anonymous_0)","decl":{"start":{"line":16,"column":24},"end":{"line":16,"column":25}},"loc":{"start":{"line":16,"column":66},"end":{"line":24,"column":1}}},"1":{"name":"(anonymous_1)","decl":{"start":{"line":26,"column":21},"end":{"line":26,"column":22}},"loc":{"start":{"line":27,"column":2},"end":{"line":27,"column":54}}}},"branchMap":{},"s":{"0":14,"1":14,"2":14,"3":14,"4":14,"5":14,"6":30,"7":14,"8":30,"9":14,"10":14,"11":14},"f":{"0":30,"1":30},"b":{}}
}
