{"/home/developer/Projects/caju/src/components/Backdrop/index.ts": {"path":"/home/developer/Projects/caju/src/components/Backdrop/index.ts","statementMap":{"0":{"start":{"line":1,"column":0},"end":{"line":1,"column":39}},"1":{"start":{"line":3,"column":17},"end":{"line":17,"column":2}},"2":{"start":{"line":3,"column":41},"end":{"line":5,"column":2}},"3":{"start":{"line":19,"column":0},"end":{"line":19,"column":24}}},"fnMap":{"0":{"name":"(anonymous_1)","decl":{"start":{"line":3,"column":34},"end":{"line":3,"column":37}},"loc":{"start":{"line":3,"column":41},"end":{"line":5,"column":2}}}},"branchMap":{},"s":{"0":0,"1":0,"2":0,"3":0},"f":{"0":0},"b":{}}
,"/home/developer/Projects/caju/src/components/Buttons/index.tsx": {"path":"/home/developer/Projects/caju/src/components/Buttons/index.tsx","statementMap":{"0":{"start":{"line":1,"column":0},"end":{"line":1,"column":48}},"1":{"start":{"line":3,"column":15},"end":{"line":40,"column":2}},"2":{"start":{"line":6,"column":15},"end":{"line":9,"column":2}},"3":{"start":{"line":25,"column":4},"end":{"line":31,"column":null}},"4":{"start":{"line":34,"column":4},"end":{"line":39,"column":null}},"5":{"start":{"line":42,"column":13},"end":{"line":54,"column":2}},"6":{"start":{"line":51,"column":33},"end":{"line":51,"column":57}},"7":{"start":{"line":52,"column":22},"end":{"line":52,"column":44}},"8":{"start":{"line":56,"column":0},"end":{"line":56,"column":22}}},"fnMap":{"0":{"name":"(anonymous_6)","decl":{"start":{"line":6,"column":3},"end":{"line":6,"column":4}},"loc":{"start":{"line":6,"column":15},"end":{"line":9,"column":2}}},"1":{"name":"(anonymous_7)","decl":{"start":{"line":24,"column":4},"end":{"line":24,"column":5}},"loc":{"start":{"line":25,"column":4},"end":{"line":31,"column":null}}},"2":{"name":"(anonymous_8)","decl":{"start":{"line":33,"column":4},"end":{"line":33,"column":5}},"loc":{"start":{"line":34,"column":4},"end":{"line":39,"column":null}}},"3":{"name":"(anonymous_9)","decl":{"start":{"line":51,"column":22},"end":{"line":51,"column":23}},"loc":{"start":{"line":51,"column":33},"end":{"line":51,"column":57}}},"4":{"name":"(anonymous_10)","decl":{"start":{"line":52,"column":11},"end":{"line":52,"column":12}},"loc":{"start":{"line":52,"column":22},"end":{"line":52,"column":44}}}},"branchMap":{"0":{"loc":{"start":{"line":7,"column":9},"end":{"line":7,"column":33}},"type":"binary-expr","locations":[{"start":{"line":7,"column":9},"end":{"line":7,"column":20}},{"start":{"line":7,"column":24},"end":{"line":7,"column":33}}]},"1":{"loc":{"start":{"line":8,"column":12},"end":{"line":8,"column":38}},"type":"binary-expr","locations":[{"start":{"line":8,"column":12},"end":{"line":8,"column":26}},{"start":{"line":8,"column":30},"end":{"line":8,"column":38}}]},"2":{"loc":{"start":{"line":25,"column":4},"end":{"line":31,"column":null}},"type":"binary-expr","locations":[{"start":{"line":25,"column":4},"end":{"line":25,"column":27}},{"start":{"line":26,"column":4},"end":{"line":31,"column":null}}]},"3":{"loc":{"start":{"line":34,"column":4},"end":{"line":39,"column":null}},"type":"binary-expr","locations":[{"start":{"line":34,"column":4},"end":{"line":34,"column":33}},{"start":{"line":35,"column":4},"end":{"line":39,"column":null}}]},"4":{"loc":{"start":{"line":51,"column":33},"end":{"line":51,"column":57}},"type":"binary-expr","locations":[{"start":{"line":51,"column":33},"end":{"line":51,"column":47}},{"start":{"line":51,"column":51},"end":{"line":51,"column":57}}]},"5":{"loc":{"start":{"line":52,"column":22},"end":{"line":52,"column":44}},"type":"binary-expr","locations":[{"start":{"line":52,"column":22},"end":{"line":52,"column":34}},{"start":{"line":52,"column":38},"end":{"line":52,"column":44}}]}},"s":{"0":1,"1":1,"2":0,"3":0,"4":0,"5":1,"6":18,"7":18,"8":1},"f":{"0":0,"1":0,"2":0,"3":18,"4":18},"b":{"0":[0,0],"1":[0,0],"2":[0,0],"3":[0,0],"4":[18,0],"5":[18,18]}}
,"/home/developer/Projects/caju/src/components/ConfirmModal/index.tsx": {"path":"/home/developer/Projects/caju/src/components/ConfirmModal/index.tsx","statementMap":{"0":{"start":{"line":1,"column":0},"end":{"line":1,"column":41}},"1":{"start":{"line":2,"column":0},"end":{"line":2,"column":48}},"2":{"start":{"line":3,"column":0},"end":{"line":3,"column":30}},"3":{"start":{"line":4,"column":0},"end":{"line":4,"column":32}},"4":{"start":{"line":5,"column":0},"end":{"line":5,"column":35}},"5":{"start":{"line":7,"column":22},"end":{"line":40,"column":1}},"6":{"start":{"line":8,"column":41},"end":{"line":8,"column":53}},"7":{"start":{"line":10,"column":20},"end":{"line":36,"column":null}},"8":{"start":{"line":14,"column":21},"end":{"line":14,"column":56}},"9":{"start":{"line":23,"column":27},"end":{"line":23,"column":61}},"10":{"start":{"line":30,"column":27},"end":{"line":30,"column":62}},"11":{"start":{"line":39,"column":2},"end":{"line":39,"column":69}},"12":{"start":{"line":42,"column":0},"end":{"line":42,"column":29}}},"fnMap":{"0":{"name":"(anonymous_7)","decl":{"start":{"line":7,"column":22},"end":{"line":7,"column":25}},"loc":{"start":{"line":7,"column":27},"end":{"line":40,"column":1}}},"1":{"name":"(anonymous_8)","decl":{"start":{"line":14,"column":15},"end":{"line":14,"column":18}},"loc":{"start":{"line":14,"column":21},"end":{"line":14,"column":56}}},"2":{"name":"(anonymous_9)","decl":{"start":{"line":23,"column":21},"end":{"line":23,"column":24}},"loc":{"start":{"line":23,"column":27},"end":{"line":23,"column":61}}},"3":{"name":"(anonymous_10)","decl":{"start":{"line":30,"column":21},"end":{"line":30,"column":24}},"loc":{"start":{"line":30,"column":27},"end":{"line":30,"column":62}}}},"branchMap":{"0":{"loc":{"start":{"line":10,"column":20},"end":{"line":36,"column":null}},"type":"binary-expr","locations":[{"start":{"line":10,"column":20},"end":{"line":10,"column":26}},{"start":{"line":11,"column":4},"end":{"line":35,"column":null}}]},"1":{"loc":{"start":{"line":14,"column":21},"end":{"line":14,"column":56}},"type":"binary-expr","locations":[{"start":{"line":14,"column":21},"end":{"line":14,"column":33}},{"start":{"line":14,"column":37},"end":{"line":14,"column":56}}]},"2":{"loc":{"start":{"line":23,"column":27},"end":{"line":23,"column":61}},"type":"binary-expr","locations":[{"start":{"line":23,"column":27},"end":{"line":23,"column":39}},{"start":{"line":23,"column":43},"end":{"line":23,"column":61}}]},"3":{"loc":{"start":{"line":30,"column":27},"end":{"line":30,"column":62}},"type":"binary-expr","locations":[{"start":{"line":30,"column":27},"end":{"line":30,"column":39}},{"start":{"line":30,"column":43},"end":{"line":30,"column":62}}]}},"s":{"0":0,"1":0,"2":0,"3":0,"4":0,"5":0,"6":0,"7":0,"8":0,"9":0,"10":0,"11":0,"12":0},"f":{"0":0,"1":0,"2":0,"3":0},"b":{"0":[0,0],"1":[0,0],"2":[0,0],"3":[0,0]}}
,"/home/developer/Projects/caju/src/components/ControlledInput/index.tsx": {"path":"/home/developer/Projects/caju/src/components/ControlledInput/index.tsx","statementMap":{"0":{"start":{"line":1,"column":0},"end":{"line":1,"column":61}},"1":{"start":{"line":2,"column":0},"end":{"line":2,"column":60}},"2":{"start":{"line":3,"column":0},"end":{"line":3,"column":43}},"3":{"start":{"line":4,"column":0},"end":{"line":4,"column":37}},"4":{"start":{"line":5,"column":0},"end":{"line":5,"column":62}},"5":{"start":{"line":25,"column":6},"end":{"line":25,"column":22}},"6":{"start":{"line":27,"column":16},"end":{"line":27,"column":30}},"7":{"start":{"line":28,"column":19},"end":{"line":28,"column":29}},"8":{"start":{"line":30,"column":36},"end":{"line":42,"column":12}},"9":{"start":{"line":31,"column":21},"end":{"line":31,"column":27}},"10":{"start":{"line":33,"column":4},"end":{"line":41,"column":6}},"11":{"start":{"line":44,"column":2},"end":{"line":65,"column":4}},"12":{"start":{"line":53,"column":10},"end":{"line":57,"column":12}},"13":{"start":{"line":16,"column":0},"end":{"line":16,"column":16}}},"fnMap":{"0":{"name":"ControlledInput","decl":{"start":{"line":16,"column":16},"end":{"line":16,"column":31}},"loc":{"start":{"line":21,"column":8},"end":{"line":66,"column":1}}},"1":{"name":"(anonymous_7)","decl":{"start":{"line":30,"column":44},"end":{"line":30,"column":47}},"loc":{"start":{"line":30,"column":49},"end":{"line":42,"column":3}}},"2":{"name":"(anonymous_8)","decl":{"start":{"line":52,"column":16},"end":{"line":52,"column":17}},"loc":{"start":{"line":53,"column":10},"end":{"line":57,"column":12}}}},"branchMap":{"0":{"loc":{"start":{"line":20,"column":2},"end":{"line":20,"column":17}},"type":"default-arg","locations":[{"start":{"line":20,"column":15},"end":{"line":20,"column":17}}]},"1":{"loc":{"start":{"line":34,"column":17},"end":{"line":34,"column":45}},"type":"cond-expr","locations":[{"start":{"line":34,"column":28},"end":{"line":34,"column":37}},{"start":{"line":34,"column":40},"end":{"line":34,"column":45}}]},"2":{"loc":{"start":{"line":35,"column":18},"end":{"line":40,"column":12}},"type":"cond-expr","locations":[{"start":{"line":36,"column":11},"end":{"line":39,"column":null}},{"start":{"line":40,"column":10},"end":{"line":40,"column":12}}]},"3":{"loc":{"start":{"line":38,"column":23},"end":{"line":38,"column":41}},"type":"binary-expr","locations":[{"start":{"line":38,"column":23},"end":{"line":38,"column":28}},{"start":{"line":38,"column":32},"end":{"line":38,"column":41}}]}},"s":{"0":0,"1":0,"2":0,"3":0,"4":0,"5":0,"6":0,"7":0,"8":0,"9":0,"10":0,"11":0,"12":0,"13":0},"f":{"0":0,"1":0,"2":0},"b":{"0":[0],"1":[0,0],"2":[0,0],"3":[0,0]}}
,"/home/developer/Projects/caju/src/components/Loader/index.tsx": {"path":"/home/developer/Projects/caju/src/components/Loader/index.tsx","statementMap":{"0":{"start":{"line":1,"column":0},"end":{"line":1,"column":69}},"1":{"start":{"line":2,"column":0},"end":{"line":2,"column":35}},"2":{"start":{"line":3,"column":0},"end":{"line":3,"column":30}},"3":{"start":{"line":4,"column":0},"end":{"line":4,"column":32}},"4":{"start":{"line":7,"column":21},"end":{"line":7,"column":36}},"5":{"start":{"line":8,"column":21},"end":{"line":8,"column":36}},"6":{"start":{"line":10,"column":20},"end":{"line":12,"column":null}},"7":{"start":{"line":11,"column":10},"end":{"line":11,"column":34}},"8":{"start":{"line":15,"column":2},"end":{"line":21,"column":4}},"9":{"start":{"line":6,"column":0},"end":{"line":6,"column":24}}},"fnMap":{"0":{"name":"Loader","decl":{"start":{"line":6,"column":24},"end":{"line":6,"column":30}},"loc":{"start":{"line":6,"column":30},"end":{"line":22,"column":1}}},"1":{"name":"(anonymous_8)","decl":{"start":{"line":11,"column":4},"end":{"line":11,"column":7}},"loc":{"start":{"line":11,"column":10},"end":{"line":11,"column":34}}}},"branchMap":{"0":{"loc":{"start":{"line":11,"column":10},"end":{"line":11,"column":34}},"type":"binary-expr","locations":[{"start":{"line":11,"column":10},"end":{"line":11,"column":20}},{"start":{"line":11,"column":24},"end":{"line":11,"column":34}}]},"1":{"loc":{"start":{"line":16,"column":4},"end":{"line":19,"column":null}},"type":"binary-expr","locations":[{"start":{"line":16,"column":4},"end":{"line":16,"column":13}},{"start":{"line":17,"column":6},"end":{"line":18,"column":null}}]}},"s":{"0":0,"1":0,"2":0,"3":0,"4":0,"5":0,"6":0,"7":0,"8":0,"9":0},"f":{"0":0,"1":0},"b":{"0":[0,0],"1":[0,0]}}
,"/home/developer/Projects/caju/src/components/TextField/index.tsx": {"path":"/home/developer/Projects/caju/src/components/TextField/index.tsx","statementMap":{"0":{"start":{"line":1,"column":0},"end":{"line":1,"column":60}},"1":{"start":{"line":2,"column":0},"end":{"line":2,"column":39}},"2":{"start":{"line":3,"column":0},"end":{"line":3,"column":73}},"3":{"start":{"line":4,"column":0},"end":{"line":4,"column":43}},"4":{"start":{"line":6,"column":13},"end":{"line":24,"column":2}},"5":{"start":{"line":33,"column":18},"end":{"line":59,"column":1}},"6":{"start":{"line":34,"column":36},"end":{"line":47,"column":20}},"7":{"start":{"line":35,"column":21},"end":{"line":35,"column":27}},"8":{"start":{"line":37,"column":4},"end":{"line":46,"column":6}},"9":{"start":{"line":43,"column":27},"end":{"line":43,"column":46}},"10":{"start":{"line":49,"column":2},"end":{"line":58,"column":4}},"11":{"start":{"line":61,"column":0},"end":{"line":61,"column":25}}},"fnMap":{"0":{"name":"(anonymous_7)","decl":{"start":{"line":33,"column":18},"end":{"line":33,"column":19}},"loc":{"start":{"line":33,"column":70},"end":{"line":59,"column":1}}},"1":{"name":"(anonymous_8)","decl":{"start":{"line":34,"column":44},"end":{"line":34,"column":47}},"loc":{"start":{"line":34,"column":49},"end":{"line":47,"column":3}}},"2":{"name":"(anonymous_9)","decl":{"start":{"line":43,"column":20},"end":{"line":43,"column":21}},"loc":{"start":{"line":43,"column":27},"end":{"line":43,"column":46}}}},"branchMap":{"0":{"loc":{"start":{"line":38,"column":17},"end":{"line":38,"column":45}},"type":"cond-expr","locations":[{"start":{"line":38,"column":28},"end":{"line":38,"column":37}},{"start":{"line":38,"column":40},"end":{"line":38,"column":45}}]},"1":{"loc":{"start":{"line":39,"column":18},"end":{"line":45,"column":12}},"type":"cond-expr","locations":[{"start":{"line":40,"column":11},"end":{"line":44,"column":null}},{"start":{"line":45,"column":10},"end":{"line":45,"column":12}}]},"2":{"loc":{"start":{"line":42,"column":23},"end":{"line":42,"column":41}},"type":"binary-expr","locations":[{"start":{"line":42,"column":23},"end":{"line":42,"column":28}},{"start":{"line":42,"column":32},"end":{"line":42,"column":41}}]},"3":{"loc":{"start":{"line":43,"column":27},"end":{"line":43,"column":46}},"type":"binary-expr","locations":[{"start":{"line":43,"column":27},"end":{"line":43,"column":33}},{"start":{"line":43,"column":37},"end":{"line":43,"column":46}}]}},"s":{"0":0,"1":0,"2":0,"3":0,"4":0,"5":0,"6":0,"7":0,"8":0,"9":0,"10":0,"11":0},"f":{"0":0,"1":0,"2":0},"b":{"0":[0,0],"1":[0,0],"2":[0,0],"3":[0,0]}}
,"/home/developer/Projects/caju/src/core/http/HttpClient.ts": {"path":"/home/developer/Projects/caju/src/core/http/HttpClient.ts","statementMap":{"0":{"start":{"line":1,"column":0},"end":{"line":1,"column":56}},"1":{"start":{"line":4,"column":0},"end":{"line":4,"column":48}},"2":{"start":{"line":7,"column":40},"end":{"line":25,"column":1}},"3":{"start":{"line":10,"column":49},"end":{"line":10,"column":55}},"4":{"start":{"line":12,"column":19},"end":{"line":18,"column":4}},"5":{"start":{"line":20,"column":2},"end":{"line":24,"column":4}},"6":{"start":{"line":7,"column":13},"end":{"line":7,"column":40}},"7":{"start":{"line":27,"column":13},"end":{"line":27,"column":71}}},"fnMap":{"0":{"name":"(anonymous_1)","decl":{"start":{"line":7,"column":40},"end":{"line":7,"column":45}},"loc":{"start":{"line":9,"column":31},"end":{"line":25,"column":1}}}},"branchMap":{},"s":{"0":0,"1":0,"2":0,"3":0,"4":0,"5":0,"6":0,"7":0},"f":{"0":0},"b":{}}
,"/home/developer/Projects/caju/src/hooks/useConfirm.ts": {"path":"/home/developer/Projects/caju/src/hooks/useConfirm.ts","statementMap":{"0":{"start":{"line":1,"column":0},"end":{"line":1,"column":35}},"1":{"start":{"line":2,"column":0},"end":{"line":2,"column":72}},"2":{"start":{"line":5,"column":26},"end":{"line":13,"column":1}},"3":{"start":{"line":6,"column":18},"end":{"line":6,"column":44}},"4":{"start":{"line":8,"column":2},"end":{"line":10,"column":3}},"5":{"start":{"line":9,"column":4},"end":{"line":9,"column":72}},"6":{"start":{"line":12,"column":2},"end":{"line":12,"column":17}},"7":{"start":{"line":5,"column":13},"end":{"line":5,"column":26}}},"fnMap":{"0":{"name":"(anonymous_0)","decl":{"start":{"line":5,"column":26},"end":{"line":5,"column":49}},"loc":{"start":{"line":5,"column":51},"end":{"line":13,"column":1}}}},"branchMap":{"0":{"loc":{"start":{"line":8,"column":2},"end":{"line":10,"column":3}},"type":"if","locations":[{"start":{"line":8,"column":2},"end":{"line":10,"column":3}}]}},"s":{"0":1,"1":1,"2":1,"3":10,"4":10,"5":0,"6":10,"7":1},"f":{"0":10},"b":{"0":[0]}}
,"/home/developer/Projects/caju/src/pages/Dashboard/index.tsx": {"path":"/home/developer/Projects/caju/src/pages/Dashboard/index.tsx","statementMap":{"0":{"start":{"line":1,"column":0},"end":{"line":1,"column":30}},"1":{"start":{"line":2,"column":0},"end":{"line":2,"column":44}},"2":{"start":{"line":4,"column":0},"end":{"line":4,"column":51}},"3":{"start":{"line":5,"column":0},"end":{"line":5,"column":66}},"4":{"start":{"line":6,"column":0},"end":{"line":6,"column":33}},"5":{"start":{"line":9,"column":22},"end":{"line":22,"column":1}},"6":{"start":{"line":10,"column":32},"end":{"line":10,"column":69}},"7":{"start":{"line":12,"column":28},"end":{"line":12,"column":76}},"8":{"start":{"line":14,"column":2},"end":{"line":21,"column":4}},"9":{"start":{"line":17,"column":54},"end":{"line":17,"column":71}},"10":{"start":{"line":24,"column":0},"end":{"line":24,"column":29}}},"fnMap":{"0":{"name":"(anonymous_7)","decl":{"start":{"line":9,"column":22},"end":{"line":9,"column":25}},"loc":{"start":{"line":9,"column":27},"end":{"line":22,"column":1}}},"1":{"name":"(anonymous_8)","decl":{"start":{"line":17,"column":25},"end":{"line":17,"column":26}},"loc":{"start":{"line":17,"column":54},"end":{"line":17,"column":71}}}},"branchMap":{},"s":{"0":0,"1":0,"2":0,"3":0,"4":0,"5":0,"6":0,"7":0,"8":0,"9":0,"10":0},"f":{"0":0,"1":0},"b":{}}
,"/home/developer/Projects/caju/src/pages/Dashboard/components/RegistrationCard/index.tsx": {"path":"/home/developer/Projects/caju/src/pages/Dashboard/components/RegistrationCard/index.tsx","statementMap":{"0":{"start":{"line":1,"column":0},"end":{"line":1,"column":51}},"1":{"start":{"line":2,"column":0},"end":{"line":2,"column":30}},"2":{"start":{"line":5,"column":0},"end":{"line":5,"column":36}},"3":{"start":{"line":6,"column":0},"end":{"line":6,"column":48}},"4":{"start":{"line":7,"column":0},"end":{"line":7,"column":74}},"5":{"start":{"line":8,"column":0},"end":{"line":8,"column":55}},"6":{"start":{"line":9,"column":0},"end":{"line":9,"column":68}},"7":{"start":{"line":11,"column":0},"end":{"line":11,"column":null}},"8":{"start":{"line":22,"column":25},"end":{"line":129,"column":1}},"9":{"start":{"line":23,"column":22},"end":{"line":23,"column":34}},"10":{"start":{"line":24,"column":37},"end":{"line":24,"column":60}},"11":{"start":{"line":25,"column":34},"end":{"line":25,"column":54}},"12":{"start":{"line":27,"column":22},"end":{"line":27,"column":38}},"13":{"start":{"line":29,"column":31},"end":{"line":46,"column":null}},"14":{"start":{"line":31,"column":26},"end":{"line":32,"column":null}},"15":{"start":{"line":35,"column":6},"end":{"line":44,"column":7}},"16":{"start":{"line":36,"column":8},"end":{"line":43,"column":11}},"17":{"start":{"line":38,"column":12},"end":{"line":38,"column":75}},"18":{"start":{"line":41,"column":12},"end":{"line":41,"column":58}},"19":{"start":{"line":49,"column":28},"end":{"line":67,"column":null}},"20":{"start":{"line":51,"column":26},"end":{"line":52,"column":null}},"21":{"start":{"line":55,"column":6},"end":{"line":65,"column":7}},"22":{"start":{"line":56,"column":8},"end":{"line":64,"column":11}},"23":{"start":{"line":58,"column":12},"end":{"line":58,"column":50}},"24":{"start":{"line":59,"column":12},"end":{"line":59,"column":75}},"25":{"start":{"line":62,"column":12},"end":{"line":62,"column":58}},"26":{"start":{"line":70,"column":2},"end":{"line":128,"column":4}},"27":{"start":{"line":93,"column":18},"end":{"line":93,"column":74}},"28":{"start":{"line":102,"column":18},"end":{"line":102,"column":74}},"29":{"start":{"line":113,"column":16},"end":{"line":113,"column":70}},"30":{"start":{"line":124,"column":25},"end":{"line":124,"column":60}},"31":{"start":{"line":131,"column":0},"end":{"line":131,"column":32}}},"fnMap":{"0":{"name":"(anonymous_6)","decl":{"start":{"line":22,"column":25},"end":{"line":22,"column":26}},"loc":{"start":{"line":22,"column":42},"end":{"line":129,"column":1}}},"1":{"name":"(anonymous_7)","decl":{"start":{"line":30,"column":4},"end":{"line":30,"column":9}},"loc":{"start":{"line":30,"column":25},"end":{"line":45,"column":5}}},"2":{"name":"(anonymous_8)","decl":{"start":{"line":37,"column":10},"end":{"line":37,"column":19}},"loc":{"start":{"line":37,"column":19},"end":{"line":39,"column":11}}},"3":{"name":"(anonymous_9)","decl":{"start":{"line":40,"column":10},"end":{"line":40,"column":17}},"loc":{"start":{"line":40,"column":17},"end":{"line":42,"column":11}}},"4":{"name":"(anonymous_10)","decl":{"start":{"line":50,"column":4},"end":{"line":50,"column":9}},"loc":{"start":{"line":50,"column":37},"end":{"line":66,"column":5}}},"5":{"name":"(anonymous_11)","decl":{"start":{"line":57,"column":10},"end":{"line":57,"column":19}},"loc":{"start":{"line":57,"column":44},"end":{"line":60,"column":11}}},"6":{"name":"(anonymous_12)","decl":{"start":{"line":61,"column":10},"end":{"line":61,"column":17}},"loc":{"start":{"line":61,"column":17},"end":{"line":63,"column":11}}},"7":{"name":"(anonymous_13)","decl":{"start":{"line":92,"column":25},"end":{"line":92,"column":28}},"loc":{"start":{"line":93,"column":18},"end":{"line":93,"column":74}}},"8":{"name":"(anonymous_14)","decl":{"start":{"line":101,"column":25},"end":{"line":101,"column":28}},"loc":{"start":{"line":102,"column":18},"end":{"line":102,"column":74}}},"9":{"name":"(anonymous_15)","decl":{"start":{"line":112,"column":23},"end":{"line":112,"column":26}},"loc":{"start":{"line":113,"column":16},"end":{"line":113,"column":70}}},"10":{"name":"(anonymous_16)","decl":{"start":{"line":124,"column":19},"end":{"line":124,"column":22}},"loc":{"start":{"line":124,"column":25},"end":{"line":124,"column":60}}}},"branchMap":{"0":{"loc":{"start":{"line":35,"column":6},"end":{"line":44,"column":7}},"type":"if","locations":[{"start":{"line":35,"column":6},"end":{"line":44,"column":7}}]},"1":{"loc":{"start":{"line":55,"column":6},"end":{"line":65,"column":7}},"type":"if","locations":[{"start":{"line":55,"column":6},"end":{"line":65,"column":7}}]},"2":{"loc":{"start":{"line":88,"column":11},"end":{"line":118,"column":null}},"type":"cond-expr","locations":[{"start":{"line":89,"column":12},"end":{"line":107,"column":null}},{"start":{"line":110,"column":12},"end":{"line":115,"column":null}}]}},"s":{"0":1,"1":1,"2":1,"3":1,"4":1,"5":1,"6":1,"7":1,"8":1,"9":10,"10":10,"11":10,"12":10,"13":10,"14":1,"15":0,"16":0,"17":0,"18":0,"19":10,"20":3,"21":0,"22":0,"23":0,"24":0,"25":0,"26":10,"27":1,"28":1,"29":1,"30":1,"31":1},"f":{"0":10,"1":1,"2":0,"3":0,"4":3,"5":0,"6":0,"7":1,"8":1,"9":1,"10":1},"b":{"0":[0],"1":[0],"2":[8,2]}}
,"/home/developer/Projects/caju/src/pages/Dashboard/components/Searchbar/index.tsx": {"path":"/home/developer/Projects/caju/src/pages/Dashboard/components/Searchbar/index.tsx","statementMap":{"0":{"start":{"line":1,"column":0},"end":{"line":1,"column":30}},"1":{"start":{"line":2,"column":0},"end":{"line":2,"column":43}},"2":{"start":{"line":3,"column":0},"end":{"line":3,"column":46}},"3":{"start":{"line":4,"column":0},"end":{"line":4,"column":61}},"4":{"start":{"line":5,"column":0},"end":{"line":5,"column":55}},"5":{"start":{"line":7,"column":0},"end":{"line":7,"column":42}},"6":{"start":{"line":8,"column":0},"end":{"line":8,"column":47}},"7":{"start":{"line":9,"column":0},"end":{"line":9,"column":37}},"8":{"start":{"line":10,"column":0},"end":{"line":10,"column":33}},"9":{"start":{"line":12,"column":25},"end":{"line":63,"column":1}},"10":{"start":{"line":17,"column":30},"end":{"line":17,"column":47}},"11":{"start":{"line":18,"column":18},"end":{"line":18,"column":30}},"12":{"start":{"line":19,"column":22},"end":{"line":19,"column":38}},"13":{"start":{"line":21,"column":31},"end":{"line":23,"column":3}},"14":{"start":{"line":22,"column":4},"end":{"line":22,"column":33}},"15":{"start":{"line":25,"column":2},"end":{"line":62,"column":4}},"16":{"start":{"line":35,"column":10},"end":{"line":38,"column":11}},"17":{"start":{"line":36,"column":12},"end":{"line":36,"column":73}},"18":{"start":{"line":36,"column":38},"end":{"line":36,"column":70}},"19":{"start":{"line":37,"column":12},"end":{"line":37,"column":53}},"20":{"start":{"line":46,"column":12},"end":{"line":48,"column":14}},"21":{"start":{"line":56,"column":25},"end":{"line":56,"column":47}},"22":{"start":{"line":12,"column":13},"end":{"line":12,"column":25}}},"fnMap":{"0":{"name":"(anonymous_7)","decl":{"start":{"line":12,"column":25},"end":{"line":12,"column":26}},"loc":{"start":{"line":16,"column":5},"end":{"line":63,"column":1}}},"1":{"name":"(anonymous_8)","decl":{"start":{"line":21,"column":31},"end":{"line":21,"column":34}},"loc":{"start":{"line":21,"column":36},"end":{"line":23,"column":3}}},"2":{"name":"(anonymous_9)","decl":{"start":{"line":34,"column":16},"end":{"line":34,"column":17}},"loc":{"start":{"line":34,"column":22},"end":{"line":39,"column":9}}},"3":{"name":"(anonymous_10)","decl":{"start":{"line":36,"column":22},"end":{"line":36,"column":23}},"loc":{"start":{"line":36,"column":38},"end":{"line":36,"column":70}}},"4":{"name":"(anonymous_11)","decl":{"start":{"line":45,"column":19},"end":{"line":45,"column":22}},"loc":{"start":{"line":46,"column":12},"end":{"line":48,"column":14}}},"5":{"name":"(anonymous_12)","decl":{"start":{"line":56,"column":19},"end":{"line":56,"column":22}},"loc":{"start":{"line":56,"column":25},"end":{"line":56,"column":47}}}},"branchMap":{"0":{"loc":{"start":{"line":35,"column":10},"end":{"line":38,"column":11}},"type":"if","locations":[{"start":{"line":35,"column":10},"end":{"line":38,"column":11}}]},"1":{"loc":{"start":{"line":35,"column":14},"end":{"line":35,"column":55}},"type":"binary-expr","locations":[{"start":{"line":35,"column":14},"end":{"line":35,"column":30}},{"start":{"line":35,"column":34},"end":{"line":35,"column":55}}]}},"s":{"0":0,"1":0,"2":0,"3":0,"4":0,"5":0,"6":0,"7":0,"8":0,"9":0,"10":0,"11":0,"12":0,"13":0,"14":0,"15":0,"16":0,"17":0,"18":0,"19":0,"20":0,"21":0,"22":0},"f":{"0":0,"1":0,"2":0,"3":0,"4":0,"5":0},"b":{"0":[0],"1":[0,0]}}
,"/home/developer/Projects/caju/src/pages/Dashboard/hooks/useGetRegistrations.ts": {"path":"/home/developer/Projects/caju/src/pages/Dashboard/hooks/useGetRegistrations.ts","statementMap":{"0":{"start":{"line":1,"column":0},"end":{"line":1,"column":49}},"1":{"start":{"line":2,"column":0},"end":{"line":2,"column":56}},"2":{"start":{"line":6,"column":65},"end":{"line":9,"column":4}},"3":{"start":{"line":11,"column":2},"end":{"line":11,"column":49}},"4":{"start":{"line":5,"column":0},"end":{"line":5,"column":16}}},"fnMap":{"0":{"name":"useGetRegistrations","decl":{"start":{"line":5,"column":16},"end":{"line":5,"column":35}},"loc":{"start":{"line":5,"column":70},"end":{"line":12,"column":1}}}},"branchMap":{},"s":{"0":0,"1":0,"2":0,"3":0,"4":0},"f":{"0":0},"b":{}}
,"/home/developer/Projects/caju/src/pages/NewUser/index.tsx": {"path":"/home/developer/Projects/caju/src/pages/NewUser/index.tsx","statementMap":{"0":{"start":{"line":1,"column":0},"end":{"line":1,"column":30}},"1":{"start":{"line":2,"column":0},"end":{"line":2,"column":42}},"2":{"start":{"line":4,"column":0},"end":{"line":4,"column":52}},"3":{"start":{"line":5,"column":0},"end":{"line":5,"column":61}},"4":{"start":{"line":6,"column":0},"end":{"line":6,"column":46}},"5":{"start":{"line":7,"column":0},"end":{"line":7,"column":71}},"6":{"start":{"line":8,"column":0},"end":{"line":8,"column":63}},"7":{"start":{"line":9,"column":0},"end":{"line":9,"column":54}},"8":{"start":{"line":10,"column":0},"end":{"line":10,"column":52}},"9":{"start":{"line":12,"column":0},"end":{"line":12,"column":37}},"10":{"start":{"line":13,"column":0},"end":{"line":13,"column":73}},"11":{"start":{"line":14,"column":0},"end":{"line":14,"column":48}},"12":{"start":{"line":16,"column":20},"end":{"line":91,"column":1}},"13":{"start":{"line":17,"column":18},"end":{"line":17,"column":30}},"14":{"start":{"line":18,"column":21},"end":{"line":18,"column":33}},"15":{"start":{"line":20,"column":19},"end":{"line":22,"column":3}},"16":{"start":{"line":21,"column":4},"end":{"line":21,"column":35}},"17":{"start":{"line":24,"column":18},"end":{"line":28,"column":4}},"18":{"start":{"line":30,"column":27},"end":{"line":30,"column":34}},"19":{"start":{"line":32,"column":39},"end":{"line":42,"column":3}},"20":{"start":{"line":33,"column":4},"end":{"line":41,"column":7}},"21":{"start":{"line":35,"column":8},"end":{"line":35,"column":46}},"22":{"start":{"line":36,"column":8},"end":{"line":36,"column":19}},"23":{"start":{"line":39,"column":8},"end":{"line":39,"column":56}},"24":{"start":{"line":44,"column":2},"end":{"line":90,"column":4}},"25":{"start":{"line":48,"column":25},"end":{"line":48,"column":35}},"26":{"start":{"line":93,"column":0},"end":{"line":93,"column":27}}},"fnMap":{"0":{"name":"(anonymous_7)","decl":{"start":{"line":16,"column":20},"end":{"line":16,"column":23}},"loc":{"start":{"line":16,"column":25},"end":{"line":91,"column":1}}},"1":{"name":"(anonymous_8)","decl":{"start":{"line":20,"column":19},"end":{"line":20,"column":22}},"loc":{"start":{"line":20,"column":24},"end":{"line":22,"column":3}}},"2":{"name":"(anonymous_9)","decl":{"start":{"line":32,"column":39},"end":{"line":32,"column":40}},"loc":{"start":{"line":32,"column":48},"end":{"line":42,"column":3}}},"3":{"name":"(anonymous_10)","decl":{"start":{"line":34,"column":6},"end":{"line":34,"column":15}},"loc":{"start":{"line":34,"column":40},"end":{"line":37,"column":7}}},"4":{"name":"(anonymous_11)","decl":{"start":{"line":38,"column":6},"end":{"line":38,"column":13}},"loc":{"start":{"line":38,"column":39},"end":{"line":40,"column":7}}},"5":{"name":"(anonymous_12)","decl":{"start":{"line":48,"column":19},"end":{"line":48,"column":22}},"loc":{"start":{"line":48,"column":25},"end":{"line":48,"column":35}}}},"branchMap":{},"s":{"0":0,"1":0,"2":0,"3":0,"4":0,"5":0,"6":0,"7":0,"8":0,"9":0,"10":0,"11":0,"12":0,"13":0,"14":0,"15":0,"16":0,"17":0,"18":0,"19":0,"20":0,"21":0,"22":0,"23":0,"24":0,"25":0,"26":0},"f":{"0":0,"1":0,"2":0,"3":0,"4":0,"5":0},"b":{}}
,"/home/developer/Projects/caju/src/store/context/confirm/ConfirmContext.tsx": {"path":"/home/developer/Projects/caju/src/store/context/confirm/ConfirmContext.tsx","statementMap":{"0":{"start":{"line":1,"column":0},"end":{"line":1,"column":38}},"1":{"start":{"line":5,"column":13},"end":{"line":10,"column":2}},"2":{"start":{"line":8,"column":21},"end":{"line":8,"column":42}},"3":{"start":{"line":9,"column":30},"end":{"line":9,"column":55}},"4":{"start":{"line":12,"column":13},"end":{"line":12,"column":78}}},"fnMap":{"0":{"name":"(anonymous_0)","decl":{"start":{"line":8,"column":11},"end":{"line":8,"column":12}},"loc":{"start":{"line":8,"column":21},"end":{"line":8,"column":42}}},"1":{"name":"(anonymous_1)","decl":{"start":{"line":9,"column":16},"end":{"line":9,"column":17}},"loc":{"start":{"line":9,"column":30},"end":{"line":9,"column":55}}}},"branchMap":{},"s":{"0":1,"1":1,"2":0,"3":0,"4":1},"f":{"0":0,"1":0},"b":{}}
,"/home/developer/Projects/caju/src/store/context/confirm/ConfirmContextProvider.tsx": {"path":"/home/developer/Projects/caju/src/store/context/confirm/ConfirmContextProvider.tsx","statementMap":{"0":{"start":{"line":1,"column":0},"end":{"line":1,"column":57}},"1":{"start":{"line":3,"column":0},"end":{"line":3,"column":64}},"2":{"start":{"line":5,"column":38},"end":{"line":42,"column":1}},"3":{"start":{"line":10,"column":28},"end":{"line":13,"column":4}},"4":{"start":{"line":15,"column":18},"end":{"line":23,"column":8}},"5":{"start":{"line":16,"column":4},"end":{"line":22,"column":7}},"6":{"start":{"line":17,"column":6},"end":{"line":21,"column":9}},"7":{"start":{"line":25,"column":23},"end":{"line":32,"column":null}},"8":{"start":{"line":27,"column":6},"end":{"line":30,"column":7}},"9":{"start":{"line":28,"column":8},"end":{"line":28,"column":32}},"10":{"start":{"line":29,"column":8},"end":{"line":29,"column":31}},"11":{"start":{"line":35,"column":2},"end":{"line":41,"column":4}},"12":{"start":{"line":5,"column":13},"end":{"line":5,"column":38}}},"fnMap":{"0":{"name":"(anonymous_0)","decl":{"start":{"line":5,"column":38},"end":{"line":5,"column":39}},"loc":{"start":{"line":9,"column":5},"end":{"line":42,"column":1}}},"1":{"name":"(anonymous_1)","decl":{"start":{"line":15,"column":30},"end":{"line":15,"column":35}},"loc":{"start":{"line":15,"column":53},"end":{"line":23,"column":3}}},"2":{"name":"(anonymous_2)","decl":{"start":{"line":16,"column":23},"end":{"line":16,"column":24}},"loc":{"start":{"line":16,"column":35},"end":{"line":22,"column":5}}},"3":{"name":"(anonymous_3)","decl":{"start":{"line":26,"column":4},"end":{"line":26,"column":9}},"loc":{"start":{"line":26,"column":32},"end":{"line":31,"column":5}}}},"branchMap":{"0":{"loc":{"start":{"line":27,"column":6},"end":{"line":30,"column":7}},"type":"if","locations":[{"start":{"line":27,"column":6},"end":{"line":30,"column":7}}]}},"s":{"0":1,"1":1,"2":1,"3":10,"4":10,"5":4,"6":4,"7":10,"8":0,"9":0,"10":0,"11":10,"12":1},"f":{"0":10,"1":4,"2":4,"3":0},"b":{"0":[0]}}
,"/home/developer/Projects/caju/src/utils/validations.ts": {"path":"/home/developer/Projects/caju/src/utils/validations.ts","statementMap":{"0":{"start":{"line":3,"column":2},"end":{"line":3,"column":35}},"1":{"start":{"line":6,"column":2},"end":{"line":8,"column":3}},"2":{"start":{"line":7,"column":4},"end":{"line":7,"column":17}},"3":{"start":{"line":11,"column":2},"end":{"line":13,"column":3}},"4":{"start":{"line":12,"column":4},"end":{"line":12,"column":17}},"5":{"start":{"line":16,"column":13},"end":{"line":16,"column":14}},"6":{"start":{"line":18,"column":2},"end":{"line":20,"column":3}},"7":{"start":{"line":18,"column":15},"end":{"line":18,"column":16}},"8":{"start":{"line":19,"column":4},"end":{"line":19,"column":47}},"9":{"start":{"line":21,"column":2},"end":{"line":21,"column":20}},"10":{"start":{"line":22,"column":18},"end":{"line":22,"column":44}},"11":{"start":{"line":25,"column":2},"end":{"line":25,"column":11}},"12":{"start":{"line":26,"column":2},"end":{"line":28,"column":3}},"13":{"start":{"line":26,"column":15},"end":{"line":26,"column":16}},"14":{"start":{"line":27,"column":4},"end":{"line":27,"column":47}},"15":{"start":{"line":29,"column":2},"end":{"line":29,"column":20}},"16":{"start":{"line":30,"column":18},"end":{"line":30,"column":44}},"17":{"start":{"line":33,"column":2},"end":{"line":33,"column":63}},"18":{"start":{"line":1,"column":0},"end":{"line":1,"column":16}}},"fnMap":{"0":{"name":"validarCPF","decl":{"start":{"line":1,"column":16},"end":{"line":1,"column":26}},"loc":{"start":{"line":1,"column":35},"end":{"line":34,"column":1}}}},"branchMap":{"0":{"loc":{"start":{"line":6,"column":2},"end":{"line":8,"column":3}},"type":"if","locations":[{"start":{"line":6,"column":2},"end":{"line":8,"column":3}}]},"1":{"loc":{"start":{"line":11,"column":2},"end":{"line":13,"column":3}},"type":"if","locations":[{"start":{"line":11,"column":2},"end":{"line":13,"column":3}}]},"2":{"loc":{"start":{"line":22,"column":18},"end":{"line":22,"column":44}},"type":"cond-expr","locations":[{"start":{"line":22,"column":30},"end":{"line":22,"column":31}},{"start":{"line":22,"column":34},"end":{"line":22,"column":44}}]},"3":{"loc":{"start":{"line":30,"column":18},"end":{"line":30,"column":44}},"type":"cond-expr","locations":[{"start":{"line":30,"column":30},"end":{"line":30,"column":31}},{"start":{"line":30,"column":34},"end":{"line":30,"column":44}}]},"4":{"loc":{"start":{"line":33,"column":9},"end":{"line":33,"column":62}},"type":"binary-expr","locations":[{"start":{"line":33,"column":9},"end":{"line":33,"column":33}},{"start":{"line":33,"column":37},"end":{"line":33,"column":62}}]}},"s":{"0":0,"1":0,"2":0,"3":0,"4":0,"5":0,"6":0,"7":0,"8":0,"9":0,"10":0,"11":0,"12":0,"13":0,"14":0,"15":0,"16":0,"17":0,"18":0},"f":{"0":0},"b":{"0":[0],"1":[0],"2":[0,0],"3":[0,0],"4":[0,0]}}
,"/home/developer/Projects/caju/src/utils/tests/index.tsx": {"path":"/home/developer/Projects/caju/src/utils/tests/index.tsx","statementMap":{"0":{"start":{"line":1,"column":0},"end":{"line":1,"column":73}},"1":{"start":{"line":2,"column":0},"end":{"line":2,"column":63}},"2":{"start":{"line":4,"column":0},"end":{"line":4,"column":50}},"3":{"start":{"line":5,"column":0},"end":{"line":5,"column":88}},"4":{"start":{"line":8,"column":20},"end":{"line":14,"column":2}},"5":{"start":{"line":16,"column":24},"end":{"line":24,"column":1}},"6":{"start":{"line":17,"column":2},"end":{"line":23,"column":4}},"7":{"start":{"line":26,"column":21},"end":{"line":27,"column":54}},"8":{"start":{"line":27,"column":2},"end":{"line":27,"column":54}},"9":{"start":{"line":38,"column":9},"end":{"line":38,"column":21}},"10":{"start":{"line":29,"column":37},"end":{"line":36,"column":2}},"11":{"start":{"line":38,"column":23},"end":{"line":38,"column":33}}},"fnMap":{"0":{"name":"(anonymous_0)","decl":{"start":{"line":16,"column":24},"end":{"line":16,"column":25}},"loc":{"start":{"line":16,"column":66},"end":{"line":24,"column":1}}},"1":{"name":"(anonymous_1)","decl":{"start":{"line":26,"column":21},"end":{"line":26,"column":22}},"loc":{"start":{"line":27,"column":2},"end":{"line":27,"column":54}}}},"branchMap":{},"s":{"0":1,"1":1,"2":1,"3":1,"4":1,"5":1,"6":6,"7":1,"8":6,"9":1,"10":1,"11":1},"f":{"0":6,"1":6},"b":{}}
}
