TN:
SF:src/App.tsx
FN:10,App
FNF:1
FNH:0
FNDA:0,App
DA:1,0
DA:2,0
DA:3,0
DA:4,0
DA:5,0
DA:6,0
DA:8,0
DA:11,0
DA:25,0
LF:9
LH:0
BRF:0
BRH:0
end_of_record
TN:
SF:src/main.tsx
FNF:0
FNH:0
DA:1,0
DA:2,0
DA:3,0
DA:4,0
DA:5,0
LF:5
LH:0
BRF:0
BRH:0
end_of_record
TN:
SF:src/vite-env.d.ts
FNF:0
FNH:0
LF:0
LH:0
BRF:0
BRH:0
end_of_record
TN:
SF:src/components/Backdrop/index.ts
FN:3,(anonymous_1)
FNF:1
FNH:1
FNDA:4,(anonymous_1)
DA:1,3
DA:3,4
DA:19,3
LF:3
LH:3
BRF:0
BRH:0
end_of_record
TN:
SF:src/components/Buttons/IconButton.tsx
FN:22,(anonymous_1)
FNF:1
FNH:1
FNDA:20,(anonymous_1)
DA:1,3
DA:3,3
DA:22,3
DA:23,20
LF:4
LH:4
BRF:0
BRH:0
end_of_record
TN:
SF:src/components/Buttons/index.tsx
FN:6,(anonymous_6)
FN:24,(anonymous_7)
FN:33,(anonymous_8)
FN:51,(anonymous_9)
FN:52,(anonymous_10)
FNF:5
FNH:5
FNDA:25,(anonymous_6)
FNDA:25,(anonymous_7)
FNDA:25,(anonymous_8)
FNDA:14,(anonymous_9)
FNDA:14,(anonymous_10)
DA:1,6
DA:3,6
DA:6,25
DA:25,25
DA:34,25
DA:42,6
DA:51,14
DA:52,14
DA:56,6
LF:9
LH:9
BRDA:7,0,0,25
BRDA:7,0,1,21
BRDA:8,1,0,25
BRDA:8,1,1,23
BRDA:25,2,0,25
BRDA:25,2,1,4
BRDA:34,3,0,25
BRDA:34,3,1,2
BRDA:51,4,0,14
BRDA:51,4,1,1
BRDA:52,5,0,14
BRDA:52,5,1,13
BRF:12
BRH:12
end_of_record
TN:
SF:src/components/ConfirmModal/index.tsx
FN:7,(anonymous_7)
FN:14,(anonymous_8)
FN:23,(anonymous_9)
FN:30,(anonymous_10)
FNF:4
FNH:3
FNDA:6,(anonymous_7)
FNDA:1,(anonymous_8)
FNDA:1,(anonymous_9)
FNDA:0,(anonymous_10)
DA:1,1
DA:2,1
DA:3,1
DA:4,1
DA:5,1
DA:7,1
DA:8,6
DA:10,6
DA:14,1
DA:23,1
DA:30,0
DA:39,6
DA:42,1
LF:13
LH:12
BRDA:10,0,0,6
BRDA:10,0,1,2
BRDA:14,1,0,1
BRDA:14,1,1,1
BRDA:23,2,0,1
BRDA:23,2,1,1
BRDA:30,3,0,0
BRDA:30,3,1,0
BRF:8
BRH:6
end_of_record
TN:
SF:src/components/ConfirmModal/styles.ts
FNF:0
FNH:0
DA:1,1
DA:3,1
DA:16,1
LF:3
LH:3
BRF:0
BRH:0
end_of_record
TN:
SF:src/components/ControlledDatePicker/index.tsx
FN:12,ControlledDatePicker
FN:33,(anonymous_1)
FNF:2
FNH:2
FNDA:8,ControlledDatePicker
FNDA:9,(anonymous_1)
DA:1,2
DA:3,2
DA:12,2
DA:21,8
DA:23,8
DA:25,8
DA:33,9
LF:7
LH:7
BRDA:16,0,0,0
BRF:1
BRH:0
end_of_record
TN:
SF:src/components/ControlledInput/index.tsx
FN:16,ControlledInput
FN:30,(anonymous_7)
FN:52,(anonymous_8)
FNF:3
FNH:3
FNDA:22,ControlledInput
FNDA:13,(anonymous_7)
FNDA:25,(anonymous_8)
DA:1,2
DA:2,2
DA:3,2
DA:4,2
DA:5,2
DA:16,2
DA:25,22
DA:27,22
DA:28,22
DA:30,22
DA:31,13
DA:33,13
DA:44,22
DA:53,25
LF:14
LH:14
BRDA:20,0,0,0
BRDA:34,1,0,4
BRDA:34,1,1,9
BRDA:35,2,0,4
BRDA:35,2,1,9
BRDA:38,3,0,4
BRDA:38,3,1,0
BRF:7
BRH:5
end_of_record
TN:
SF:src/components/Header/index.tsx
FNF:0
FNH:0
DA:1,0
DA:3,0
LF:2
LH:0
BRF:0
BRH:0
end_of_record
TN:
SF:src/components/Loader/index.tsx
FN:6,Loader
FN:11,(anonymous_8)
FNF:2
FNH:2
FNDA:1,Loader
FNDA:1,(anonymous_8)
DA:1,1
DA:2,1
DA:3,1
DA:4,1
DA:6,1
DA:7,1
DA:8,1
DA:10,1
DA:11,1
DA:15,1
LF:10
LH:10
BRDA:11,0,0,1
BRDA:11,0,1,0
BRDA:16,1,0,1
BRDA:16,1,1,1
BRF:4
BRH:3
end_of_record
TN:
SF:src/components/Loader/styles.ts
FNF:0
FNH:0
DA:1,1
DA:3,1
LF:2
LH:2
BRF:0
BRH:0
end_of_record
TN:
SF:src/components/TextField/index.tsx
FN:33,(anonymous_7)
FN:34,(anonymous_8)
FN:43,(anonymous_9)
FNF:3
FNH:2
FNDA:13,(anonymous_7)
FNDA:13,(anonymous_8)
FNDA:0,(anonymous_9)
DA:1,5
DA:2,5
DA:3,5
DA:4,5
DA:6,5
DA:33,5
DA:34,13
DA:35,13
DA:37,13
DA:43,0
DA:49,13
DA:61,5
LF:12
LH:11
BRDA:38,0,0,13
BRDA:38,0,1,0
BRDA:39,1,0,13
BRDA:39,1,1,0
BRDA:42,2,0,13
BRDA:42,2,1,0
BRDA:43,3,0,0
BRDA:43,3,1,0
BRF:8
BRH:3
end_of_record
TN:
SF:src/configs/axios.ts
FNF:0
FNH:0
DA:1,1
DA:3,1
LF:2
LH:2
BRF:0
BRH:0
end_of_record
TN:
SF:src/core/http/HttpClient.ts
FN:7,(anonymous_1)
FNF:1
FNH:0
FNDA:0,(anonymous_1)
DA:1,0
DA:4,0
DA:7,0
DA:10,0
DA:12,0
DA:20,0
DA:27,0
LF:7
LH:0
BRF:0
BRH:0
end_of_record
TN:
SF:src/core/http/HttpClientSingleton.ts
FN:7,(anonymous_0)
FN:11,(anonymous_1)
FN:19,(anonymous_2)
FNF:3
FNH:3
FNDA:2,(anonymous_0)
FNDA:3,(anonymous_1)
FNDA:1,(anonymous_2)
DA:5,2
DA:8,2
DA:12,3
DA:13,2
DA:16,3
DA:22,1
DA:26,1
LF:7
LH:7
BRDA:12,0,0,2
BRF:1
BRH:1
end_of_record
TN:
SF:src/hooks/useConfirm.ts
FN:5,(anonymous_0)
FNF:1
FNH:1
FNDA:30,(anonymous_0)
DA:1,4
DA:2,4
DA:5,4
DA:6,30
DA:8,29
DA:9,0
DA:12,29
LF:7
LH:6
BRDA:8,0,0,0
BRF:1
BRH:0
end_of_record
TN:
SF:src/pages/Dashboard/index.tsx
FN:9,(anonymous_7)
FN:17,(anonymous_8)
FNF:2
FNH:1
FNDA:8,(anonymous_7)
FNDA:0,(anonymous_8)
DA:1,1
DA:2,1
DA:4,1
DA:5,1
DA:6,1
DA:9,1
DA:10,8
DA:12,8
DA:14,8
DA:17,0
DA:24,1
LF:11
LH:10
BRF:0
BRH:0
end_of_record
TN:
SF:src/pages/Dashboard/styles.tsx
FNF:0
FNH:0
DA:1,1
DA:3,1
LF:2
LH:2
BRF:0
BRH:0
end_of_record
TN:
SF:src/pages/Dashboard/components/Columns/index.tsx
FN:14,(anonymous_7)
FN:17,(anonymous_8)
FN:26,(anonymous_9)
FN:27,(anonymous_10)
FNF:4
FNH:4
FNDA:8,(anonymous_7)
FNDA:24,(anonymous_8)
FNDA:15,(anonymous_9)
FNDA:5,(anonymous_10)
DA:1,1
DA:2,1
DA:5,1
DA:14,1
DA:15,8
DA:18,24
DA:26,15
DA:28,5
DA:43,1
LF:9
LH:9
BRF:0
BRH:0
end_of_record
TN:
SF:src/pages/Dashboard/components/Columns/styles.tsx
FN:29,(anonymous_1)
FN:38,(anonymous_2)
FNF:2
FNH:2
FNDA:24,(anonymous_1)
FNDA:24,(anonymous_2)
DA:1,1
DA:4,1
DA:19,1
DA:27,1
DA:30,24
DA:36,1
DA:38,24
DA:42,1
LF:8
LH:8
BRF:0
BRH:0
end_of_record
TN:
SF:src/pages/Dashboard/components/RegistrationCard/index.tsx
FN:22,(anonymous_6)
FN:30,(anonymous_7)
FN:37,(anonymous_8)
FN:40,(anonymous_9)
FN:50,(anonymous_10)
FN:57,(anonymous_11)
FN:61,(anonymous_12)
FN:92,(anonymous_13)
FN:101,(anonymous_14)
FN:112,(anonymous_15)
FN:124,(anonymous_16)
FNF:11
FNH:1
FNDA:6,(anonymous_6)
FNDA:0,(anonymous_7)
FNDA:0,(anonymous_8)
FNDA:0,(anonymous_9)
FNDA:0,(anonymous_10)
FNDA:0,(anonymous_11)
FNDA:0,(anonymous_12)
FNDA:0,(anonymous_13)
FNDA:0,(anonymous_14)
FNDA:0,(anonymous_15)
FNDA:0,(anonymous_16)
DA:1,2
DA:2,2
DA:5,2
DA:6,2
DA:7,2
DA:8,2
DA:9,2
DA:11,2
DA:22,2
DA:23,6
DA:24,6
DA:25,6
DA:27,6
DA:29,6
DA:31,0
DA:35,0
DA:36,0
DA:38,0
DA:41,0
DA:49,6
DA:51,0
DA:55,0
DA:56,0
DA:58,0
DA:59,0
DA:62,0
DA:70,6
DA:93,0
DA:102,0
DA:113,0
DA:124,0
DA:131,2
LF:32
LH:17
BRDA:35,0,0,0
BRDA:55,1,0,0
BRDA:88,2,0,6
BRDA:88,2,1,0
BRF:4
BRH:1
end_of_record
TN:
SF:src/pages/Dashboard/components/RegistrationCard/styles.tsx
FNF:0
FNH:0
DA:1,2
DA:3,2
DA:19,2
DA:25,2
DA:37,2
LF:5
LH:5
BRF:0
BRH:0
end_of_record
TN:
SF:src/pages/Dashboard/components/Searchbar/index.tsx
FN:12,(anonymous_7)
FN:21,(anonymous_8)
FN:34,(anonymous_9)
FN:36,(anonymous_10)
FN:45,(anonymous_11)
FN:56,(anonymous_12)
FNF:6
FNH:4
FNDA:13,(anonymous_7)
FNDA:2,(anonymous_8)
FNDA:0,(anonymous_9)
FNDA:0,(anonymous_10)
FNDA:2,(anonymous_11)
FNDA:2,(anonymous_12)
DA:1,2
DA:2,2
DA:3,2
DA:4,2
DA:5,2
DA:7,2
DA:8,2
DA:9,2
DA:10,2
DA:12,2
DA:17,13
DA:18,13
DA:19,13
DA:21,13
DA:22,2
DA:25,13
DA:35,0
DA:36,0
DA:37,0
DA:46,2
DA:56,2
LF:21
LH:18
BRDA:35,0,0,0
BRDA:35,1,0,0
BRDA:35,1,1,0
BRF:3
BRH:0
end_of_record
TN:
SF:src/pages/Dashboard/components/Searchbar/styles.tsx
FNF:0
FNH:0
DA:1,2
DA:3,2
DA:10,2
LF:3
LH:3
BRF:0
BRH:0
end_of_record
TN:
SF:src/pages/Dashboard/hooks/useDeleteRegistration.ts
FN:4,(anonymous_0)
FNF:1
FNH:1
FNDA:7,(anonymous_0)
DA:1,3
DA:2,3
DA:4,3
DA:5,7
DA:10,7
LF:5
LH:5
BRF:0
BRH:0
end_of_record
TN:
SF:src/pages/Dashboard/hooks/useGetRegistrations.ts
FN:5,useGetRegistrations
FNF:1
FNH:1
FNDA:10,useGetRegistrations
DA:1,2
DA:2,2
DA:5,2
DA:6,10
DA:11,10
LF:5
LH:5
BRF:0
BRH:0
end_of_record
TN:
SF:src/pages/Dashboard/hooks/usePutRegistration.ts
FN:4,(anonymous_0)
FNF:1
FNH:1
FNDA:7,(anonymous_0)
DA:1,3
DA:2,3
DA:4,3
DA:5,7
DA:10,7
LF:5
LH:5
BRF:0
BRH:0
end_of_record
TN:
SF:src/pages/NewUser/index.tsx
FN:16,(anonymous_7)
FN:20,(anonymous_8)
FN:32,(anonymous_9)
FN:34,(anonymous_10)
FN:38,(anonymous_11)
FN:48,(anonymous_12)
FNF:6
FNH:5
FNDA:7,(anonymous_7)
FNDA:2,(anonymous_8)
FNDA:1,(anonymous_9)
FNDA:1,(anonymous_10)
FNDA:0,(anonymous_11)
FNDA:1,(anonymous_12)
DA:1,1
DA:2,1
DA:4,1
DA:5,1
DA:6,1
DA:7,1
DA:8,1
DA:9,1
DA:10,1
DA:12,1
DA:13,1
DA:14,1
DA:16,1
DA:17,7
DA:18,7
DA:20,7
DA:21,2
DA:24,7
DA:30,7
DA:32,7
DA:33,1
DA:35,1
DA:36,1
DA:39,0
DA:44,7
DA:48,1
DA:93,1
LF:27
LH:26
BRF:0
BRH:0
end_of_record
TN:
SF:src/pages/NewUser/styles.ts
FNF:0
FNH:0
DA:1,1
DA:2,1
DA:3,1
DA:5,1
DA:13,1
DA:19,1
LF:6
LH:6
BRF:0
BRH:0
end_of_record
TN:
SF:src/pages/NewUser/validation.schema.ts
FN:24,(anonymous_6)
FNF:1
FNH:1
FNDA:2,(anonymous_6)
DA:1,1
DA:2,1
DA:4,1
DA:25,2
LF:4
LH:4
BRF:0
BRH:0
end_of_record
TN:
SF:src/pages/NewUser/hooks/useNewUser.ts
FN:4,useNewUser
FNF:1
FNH:1
FNDA:8,useNewUser
DA:1,2
DA:2,2
DA:4,2
DA:5,8
DA:10,8
LF:5
LH:5
BRF:0
BRH:0
end_of_record
TN:
SF:src/router/index.tsx
FN:6,(anonymous_1)
FN:16,(anonymous_2)
FNF:2
FNH:0
FNDA:0,(anonymous_1)
FNDA:0,(anonymous_2)
DA:1,0
DA:2,0
DA:3,0
DA:4,0
DA:6,0
DA:7,0
DA:16,0
DA:28,0
LF:8
LH:0
BRF:0
BRH:0
end_of_record
TN:
SF:src/router/routes.ts
FNF:0
FNH:0
DA:1,3
DA:8,3
LF:2
LH:2
BRF:0
BRH:0
end_of_record
TN:
SF:src/services/Dashboard/index.ts
FN:4,getRegistrations
FN:24,postRegistration
FN:41,putRegistration
FN:55,deleteRegistration
FNF:4
FNH:4
FNDA:11,getRegistrations
FNDA:4,postRegistration
FNDA:3,putRegistration
FNDA:3,deleteRegistration
DA:2,8
DA:4,8
DA:9,11
DA:10,11
DA:12,11
DA:18,10
DA:20,3
DA:24,8
DA:25,4
DA:26,4
DA:35,3
DA:37,1
DA:41,8
DA:42,3
DA:43,3
DA:49,2
DA:51,1
DA:55,8
DA:56,3
DA:57,3
DA:62,2
DA:64,1
LF:22
LH:22
BRDA:15,0,0,11
BRDA:15,0,1,3
BRF:2
BRH:2
end_of_record
TN:
SF:src/store/context/confirm/ConfirmContext.tsx
FN:8,(anonymous_0)
FN:9,(anonymous_1)
FNF:2
FNH:2
FNDA:2,(anonymous_0)
FNDA:2,(anonymous_1)
DA:1,18
DA:5,18
DA:8,2
DA:9,2
DA:12,18
LF:5
LH:5
BRF:0
BRH:0
end_of_record
TN:
SF:src/store/context/confirm/ConfirmContextProvider.tsx
FN:5,(anonymous_0)
FN:15,(anonymous_1)
FN:16,(anonymous_2)
FN:26,(anonymous_3)
FNF:4
FNH:4
FNDA:38,(anonymous_0)
FNDA:5,(anonymous_1)
FNDA:5,(anonymous_2)
FNDA:5,(anonymous_3)
DA:1,17
DA:3,17
DA:5,17
DA:10,38
DA:15,38
DA:16,5
DA:17,5
DA:25,38
DA:27,5
DA:28,4
DA:29,4
DA:35,38
LF:12
LH:12
BRDA:27,0,0,4
BRF:1
BRH:1
end_of_record
TN:
SF:src/utils/formatters.ts
FNF:0
FNH:0
DA:1,5
LF:1
LH:1
BRF:0
BRH:0
end_of_record
TN:
SF:src/utils/validations.ts
FN:1,validarCPF
FNF:1
FNH:1
FNDA:6,validarCPF
DA:1,2
DA:3,6
DA:6,6
DA:7,2
DA:11,4
DA:12,1
DA:16,3
DA:18,3
DA:19,27
DA:21,3
DA:22,3
DA:25,3
DA:26,3
DA:27,30
DA:29,3
DA:30,3
DA:33,3
LF:17
LH:17
BRDA:6,0,0,2
BRDA:11,1,0,1
BRDA:22,2,0,1
BRDA:22,2,1,2
BRDA:30,3,0,0
BRDA:30,3,1,3
BRDA:33,4,0,3
BRDA:33,4,1,2
BRF:8
BRH:7
end_of_record
TN:
SF:src/utils/tests/index.tsx
FN:16,(anonymous_0)
FN:26,(anonymous_1)
FNF:2
FNH:2
FNDA:25,(anonymous_0)
FNDA:25,(anonymous_1)
DA:1,16
DA:2,16
DA:4,16
DA:5,16
DA:8,16
DA:16,16
DA:17,25
DA:26,16
DA:27,25
DA:29,16
DA:38,16
LF:11
LH:11
BRF:0
BRH:0
end_of_record
